This file contains any messages produced by compilers while
running configure, to aid debugging if configure makes a mistake.

It was created by configure, which was
generated by GNU Autoconf 2.61.  Invocation command line was

  $ ./configure --prefix=/usr/local --cache-file=/dev/null --srcdir=.

## --------- ##
## Platform. ##
## --------- ##

hostname = monnand-laptop
uname -m = i686
uname -r = 2.6.22-14-generic
uname -s = Linux
uname -v = #1 SMP Tue Feb 12 07:42:25 UTC 2008

/usr/bin/uname -p = unknown
/bin/uname -X     = unknown

/bin/arch              = unknown
/usr/bin/arch -k       = unknown
/usr/convex/getsysinfo = unknown
/usr/bin/hostinfo      = unknown
/bin/machine           = unknown
/usr/bin/oslevel       = unknown
/bin/universe          = unknown

PATH: /usr/local/sbin
PATH: /usr/local/bin
PATH: /usr/sbin
PATH: /usr/bin
PATH: /sbin
PATH: /bin
PATH: /usr/games
PATH: /home/monnand/soft/adroid_sdk/android_sdk_linux_m3-rc20a/tools


## ----------- ##
## Core tests. ##
## ----------- ##

configure:1999: checking for a BSD-compatible install
configure:2055: result: /usr/bin/install -c
configure:2066: checking whether build environment is sane
configure:2109: result: yes
configure:2137: checking for a thread-safe mkdir -p
configure:2176: result: /bin/mkdir -p
configure:2189: checking for gawk
configure:2219: result: no
configure:2189: checking for mawk
configure:2205: found /usr/bin/mawk
configure:2216: result: mawk
configure:2227: checking whether make sets $(MAKE)
configure:2248: result: yes
configure:2438: checking whether to enable maintainer-specific portions of Makefiles
configure:2447: result: no
configure:2473: checking for style of include used by make
configure:2501: result: GNU
configure:2571: checking for gcc
configure:2587: found /usr/bin/gcc
configure:2598: result: gcc
configure:2836: checking for C compiler version
configure:2843: gcc --version >&5
gcc (GCC) 4.1.3 20070929 (prerelease) (Ubuntu 4.1.2-16ubuntu2)
Copyright (C) 2006 Free Software Foundation, Inc.
This is free software; see the source for copying conditions.  There is NO
warranty; not even for MERCHANTABILITY or FITNESS FOR A PARTICULAR PURPOSE.

configure:2846: $? = 0
configure:2853: gcc -v >&5
Using built-in specs.
Target: i486-linux-gnu
Configured with: ../src/configure -v --enable-languages=c,c++,fortran,objc,obj-c++,treelang --prefix=/usr --enable-shared --with-system-zlib --libexecdir=/usr/lib --without-included-gettext --enable-threads=posix --enable-nls --with-gxx-include-dir=/usr/include/c++/4.1.3 --program-suffix=-4.1 --enable-__cxa_atexit --enable-clocale=gnu --enable-libstdcxx-debug --enable-mpfr --enable-checking=release i486-linux-gnu
Thread model: posix
gcc version 4.1.3 20070929 (prerelease) (Ubuntu 4.1.2-16ubuntu2)
configure:2856: $? = 0
configure:2863: gcc -V >&5
gcc: '-V' option must have argument
configure:2866: $? = 1
configure:2889: checking for C compiler default output file name
configure:2916: gcc    conftest.c  >&5
configure:2919: $? = 0
configure:2957: result: a.out
configure:2974: checking whether the C compiler works
configure:2984: ./a.out
configure:2987: $? = 0
configure:3004: result: yes
configure:3011: checking whether we are cross compiling
configure:3013: result: no
configure:3016: checking for suffix of executables
configure:3023: gcc -o conftest    conftest.c  >&5
configure:3026: $? = 0
configure:3050: result: 
configure:3056: checking for suffix of object files
configure:3082: gcc -c   conftest.c >&5
configure:3085: $? = 0
configure:3108: result: o
configure:3112: checking whether we are using the GNU C compiler
configure:3141: gcc -c   conftest.c >&5
configure:3147: $? = 0
configure:3164: result: yes
configure:3169: checking whether gcc accepts -g
configure:3199: gcc -c -g  conftest.c >&5
configure:3205: $? = 0
configure:3304: result: yes
configure:3321: checking for gcc option to accept ISO C89
configure:3395: gcc  -c -g -O2  conftest.c >&5
configure:3401: $? = 0
configure:3424: result: none needed
configure:3444: checking dependency style of gcc
configure:3535: result: gcc3
configure:3551: checking for library containing strerror
configure:3592: gcc -o conftest -g -O2   conftest.c  >&5
configure:3598: $? = 0
configure:3626: result: none required
configure:3682: checking for gcc
configure:3709: result: gcc
configure:3947: checking for C compiler version
configure:3954: gcc --version >&5
gcc (GCC) 4.1.3 20070929 (prerelease) (Ubuntu 4.1.2-16ubuntu2)
Copyright (C) 2006 Free Software Foundation, Inc.
This is free software; see the source for copying conditions.  There is NO
warranty; not even for MERCHANTABILITY or FITNESS FOR A PARTICULAR PURPOSE.

configure:3957: $? = 0
configure:3964: gcc -v >&5
Using built-in specs.
Target: i486-linux-gnu
Configured with: ../src/configure -v --enable-languages=c,c++,fortran,objc,obj-c++,treelang --prefix=/usr --enable-shared --with-system-zlib --libexecdir=/usr/lib --without-included-gettext --enable-threads=posix --enable-nls --with-gxx-include-dir=/usr/include/c++/4.1.3 --program-suffix=-4.1 --enable-__cxa_atexit --enable-clocale=gnu --enable-libstdcxx-debug --enable-mpfr --enable-checking=release i486-linux-gnu
Thread model: posix
gcc version 4.1.3 20070929 (prerelease) (Ubuntu 4.1.2-16ubuntu2)
configure:3967: $? = 0
configure:3974: gcc -V >&5
gcc: '-V' option must have argument
configure:3977: $? = 1
configure:3980: checking whether we are using the GNU C compiler
configure:4032: result: yes
configure:4037: checking whether gcc accepts -g
configure:4172: result: yes
configure:4189: checking for gcc option to accept ISO C89
configure:4292: result: none needed
configure:4312: checking dependency style of gcc
configure:4403: result: gcc3
configure:4466: checking for gcc
configure:4493: result: gcc
configure:4731: checking for C compiler version
configure:4738: gcc --version >&5
gcc (GCC) 4.1.3 20070929 (prerelease) (Ubuntu 4.1.2-16ubuntu2)
Copyright (C) 2006 Free Software Foundation, Inc.
This is free software; see the source for copying conditions.  There is NO
warranty; not even for MERCHANTABILITY or FITNESS FOR A PARTICULAR PURPOSE.

configure:4741: $? = 0
configure:4748: gcc -v >&5
Using built-in specs.
Target: i486-linux-gnu
Configured with: ../src/configure -v --enable-languages=c,c++,fortran,objc,obj-c++,treelang --prefix=/usr --enable-shared --with-system-zlib --libexecdir=/usr/lib --without-included-gettext --enable-threads=posix --enable-nls --with-gxx-include-dir=/usr/include/c++/4.1.3 --program-suffix=-4.1 --enable-__cxa_atexit --enable-clocale=gnu --enable-libstdcxx-debug --enable-mpfr --enable-checking=release i486-linux-gnu
Thread model: posix
gcc version 4.1.3 20070929 (prerelease) (Ubuntu 4.1.2-16ubuntu2)
configure:4751: $? = 0
configure:4758: gcc -V >&5
gcc: '-V' option must have argument
configure:4761: $? = 1
configure:4764: checking whether we are using the GNU C compiler
configure:4816: result: yes
configure:4821: checking whether gcc accepts -g
configure:4956: result: yes
configure:4973: checking for gcc option to accept ISO C89
configure:5076: result: none needed
configure:5096: checking dependency style of gcc
configure:5187: result: gcc3
configure:5210: checking how to run the C preprocessor
configure:5250: gcc -E  conftest.c
configure:5256: $? = 0
configure:5287: gcc -E  conftest.c
conftest.c:10:28: error: ac_nonexistent.h: No such file or directory
configure:5293: $? = 1
configure: failed program was:
| /* confdefs.h.  */
| #define PACKAGE_NAME ""
| #define PACKAGE_TARNAME ""
| #define PACKAGE_VERSION ""
| #define PACKAGE_STRING ""
| #define PACKAGE_BUGREPORT ""
| #define PACKAGE "tagal-add-tags"
| #define VERSION "0.1"
| /* end confdefs.h.  */
| #include <ac_nonexistent.h>
configure:5326: result: gcc -E
configure:5355: gcc -E  conftest.c
configure:5361: $? = 0
configure:5392: gcc -E  conftest.c
conftest.c:10:28: error: ac_nonexistent.h: No such file or directory
configure:5398: $? = 1
configure: failed program was:
| /* confdefs.h.  */
| #define PACKAGE_NAME ""
| #define PACKAGE_TARNAME ""
| #define PACKAGE_VERSION ""
| #define PACKAGE_STRING ""
| #define PACKAGE_BUGREPORT ""
| #define PACKAGE "tagal-add-tags"
| #define VERSION "0.1"
| /* end confdefs.h.  */
| #include <ac_nonexistent.h>
configure:5436: checking for grep that handles long lines and -e
configure:5510: result: /bin/grep
configure:5515: checking for egrep
configure:5593: result: /bin/grep -E
configure:5598: checking for ANSI C header files
configure:5628: gcc -c -g -O2  conftest.c >&5
configure:5634: $? = 0
configure:5733: gcc -o conftest -g -O2   conftest.c  >&5
configure:5736: $? = 0
configure:5742: ./conftest
configure:5745: $? = 0
configure:5762: result: yes
configure:5850: checking build system type
configure:5868: result: i686-pc-linux-gnu
configure:5890: checking host system type
configure:5905: result: i686-pc-linux-gnu
configure:5927: checking for a sed that does not truncate output
configure:5983: result: /bin/sed
configure:5997: checking for ld used by gcc
configure:6064: result: /usr/bin/ld
configure:6073: checking if the linker (/usr/bin/ld) is GNU ld
configure:6088: result: yes
configure:6093: checking for /usr/bin/ld option to reload object files
configure:6100: result: -r
configure:6118: checking for BSD-compatible nm
configure:6167: result: /usr/bin/nm -B
configure:6171: checking whether ln -s works
configure:6175: result: yes
configure:6182: checking how to recognize dependent libraries
configure:6368: result: pass_all
configure:6617: checking for sys/types.h
configure:6638: gcc -c -g -O2  conftest.c >&5
configure:6644: $? = 0
configure:6660: result: yes
configure:6617: checking for sys/stat.h
configure:6638: gcc -c -g -O2  conftest.c >&5
configure:6644: $? = 0
configure:6660: result: yes
configure:6617: checking for stdlib.h
configure:6638: gcc -c -g -O2  conftest.c >&5
configure:6644: $? = 0
configure:6660: result: yes
configure:6617: checking for string.h
configure:6638: gcc -c -g -O2  conftest.c >&5
configure:6644: $? = 0
configure:6660: result: yes
configure:6617: checking for memory.h
configure:6638: gcc -c -g -O2  conftest.c >&5
configure:6644: $? = 0
configure:6660: result: yes
configure:6617: checking for strings.h
configure:6638: gcc -c -g -O2  conftest.c >&5
configure:6644: $? = 0
configure:6660: result: yes
configure:6617: checking for inttypes.h
configure:6638: gcc -c -g -O2  conftest.c >&5
configure:6644: $? = 0
configure:6660: result: yes
configure:6617: checking for stdint.h
configure:6638: gcc -c -g -O2  conftest.c >&5
configure:6644: $? = 0
configure:6660: result: yes
configure:6617: checking for unistd.h
configure:6638: gcc -c -g -O2  conftest.c >&5
configure:6644: $? = 0
configure:6660: result: yes
configure:6687: checking dlfcn.h usability
configure:6704: gcc -c -g -O2  conftest.c >&5
configure:6710: $? = 0
configure:6724: result: yes
configure:6728: checking dlfcn.h presence
configure:6743: gcc -E  conftest.c
configure:6749: $? = 0
configure:6763: result: yes
configure:6791: checking for dlfcn.h
configure:6799: result: yes
configure:6870: checking for g++
configure:6886: found /usr/bin/g++
configure:6897: result: g++
configure:6928: checking for C++ compiler version
configure:6935: g++ --version >&5
g++ (GCC) 4.1.3 20070929 (prerelease) (Ubuntu 4.1.2-16ubuntu2)
Copyright (C) 2006 Free Software Foundation, Inc.
This is free software; see the source for copying conditions.  There is NO
warranty; not even for MERCHANTABILITY or FITNESS FOR A PARTICULAR PURPOSE.

configure:6938: $? = 0
configure:6945: g++ -v >&5
Using built-in specs.
Target: i486-linux-gnu
Configured with: ../src/configure -v --enable-languages=c,c++,fortran,objc,obj-c++,treelang --prefix=/usr --enable-shared --with-system-zlib --libexecdir=/usr/lib --without-included-gettext --enable-threads=posix --enable-nls --with-gxx-include-dir=/usr/include/c++/4.1.3 --program-suffix=-4.1 --enable-__cxa_atexit --enable-clocale=gnu --enable-libstdcxx-debug --enable-mpfr --enable-checking=release i486-linux-gnu
Thread model: posix
gcc version 4.1.3 20070929 (prerelease) (Ubuntu 4.1.2-16ubuntu2)
configure:6948: $? = 0
configure:6955: g++ -V >&5
g++: '-V' option must have argument
configure:6958: $? = 1
configure:6961: checking whether we are using the GNU C++ compiler
configure:6990: g++ -c   conftest.cpp >&5
configure:6996: $? = 0
configure:7013: result: yes
configure:7018: checking whether g++ accepts -g
configure:7048: g++ -c -g  conftest.cpp >&5
configure:7054: $? = 0
configure:7153: result: yes
configure:7178: checking dependency style of g++
configure:7269: result: gcc3
configure:7294: checking how to run the C++ preprocessor
configure:7330: g++ -E  conftest.cpp
configure:7336: $? = 0
configure:7367: g++ -E  conftest.cpp
conftest.cpp:21:28: error: ac_nonexistent.h: No such file or directory
configure:7373: $? = 1
configure: failed program was:
| /* confdefs.h.  */
| #define PACKAGE_NAME ""
| #define PACKAGE_TARNAME ""
| #define PACKAGE_VERSION ""
| #define PACKAGE_STRING ""
| #define PACKAGE_BUGREPORT ""
| #define PACKAGE "tagal-add-tags"
| #define VERSION "0.1"
| #define STDC_HEADERS 1
| #define HAVE_SYS_TYPES_H 1
| #define HAVE_SYS_STAT_H 1
| #define HAVE_STDLIB_H 1
| #define HAVE_STRING_H 1
| #define HAVE_MEMORY_H 1
| #define HAVE_STRINGS_H 1
| #define HAVE_INTTYPES_H 1
| #define HAVE_STDINT_H 1
| #define HAVE_UNISTD_H 1
| #define HAVE_DLFCN_H 1
| /* end confdefs.h.  */
| #include <ac_nonexistent.h>
configure:7406: result: g++ -E
configure:7435: g++ -E  conftest.cpp
configure:7441: $? = 0
configure:7472: g++ -E  conftest.cpp
conftest.cpp:21:28: error: ac_nonexistent.h: No such file or directory
configure:7478: $? = 1
configure: failed program was:
| /* confdefs.h.  */
| #define PACKAGE_NAME ""
| #define PACKAGE_TARNAME ""
| #define PACKAGE_VERSION ""
| #define PACKAGE_STRING ""
| #define PACKAGE_BUGREPORT ""
| #define PACKAGE "tagal-add-tags"
| #define VERSION "0.1"
| #define STDC_HEADERS 1
| #define HAVE_SYS_TYPES_H 1
| #define HAVE_SYS_STAT_H 1
| #define HAVE_STDLIB_H 1
| #define HAVE_STRING_H 1
| #define HAVE_MEMORY_H 1
| #define HAVE_STRINGS_H 1
| #define HAVE_INTTYPES_H 1
| #define HAVE_STDINT_H 1
| #define HAVE_UNISTD_H 1
| #define HAVE_DLFCN_H 1
| /* end confdefs.h.  */
| #include <ac_nonexistent.h>
configure:7571: checking for g77
configure:7601: result: no
configure:7571: checking for xlf
configure:7601: result: no
configure:7571: checking for f77
configure:7601: result: no
configure:7571: checking for frt
configure:7601: result: no
configure:7571: checking for pgf77
configure:7601: result: no
configure:7571: checking for cf77
configure:7601: result: no
configure:7571: checking for fort77
configure:7601: result: no
configure:7571: checking for fl32
configure:7601: result: no
configure:7571: checking for af77
configure:7601: result: no
configure:7571: checking for xlf90
configure:7601: result: no
configure:7571: checking for f90
configure:7601: result: no
configure:7571: checking for pgf90
configure:7601: result: no
configure:7571: checking for pghpf
configure:7601: result: no
configure:7571: checking for epcf90
configure:7601: result: no
configure:7571: checking for gfortran
configure:7601: result: no
configure:7571: checking for g95
configure:7601: result: no
configure:7571: checking for xlf95
configure:7601: result: no
configure:7571: checking for f95
configure:7601: result: no
configure:7571: checking for fort
configure:7601: result: no
configure:7571: checking for ifort
configure:7601: result: no
configure:7571: checking for ifc
configure:7601: result: no
configure:7571: checking for efc
configure:7601: result: no
configure:7571: checking for pgf95
configure:7601: result: no
configure:7571: checking for lf95
configure:7601: result: no
configure:7571: checking for ftn
configure:7601: result: no
configure:7628: checking for Fortran 77 compiler version
configure:7635:  --version >&5
./configure: line 7636: --version: command not found
configure:7638: $? = 127
configure:7645:  -v >&5
./configure: line 7646: -v: command not found
configure:7648: $? = 127
configure:7655:  -V >&5
./configure: line 7656: -V: command not found
configure:7658: $? = 127
configure:7666: checking whether we are using the GNU Fortran 77 compiler
configure:7685:  -c  conftest.F >&5
./configure: line 7686: -c: command not found
configure:7691: $? = 127
configure: failed program was:
|       program main
| #ifndef __GNUC__
|        choke me
| #endif
| 
|       end
configure:7708: result: no
configure:7714: checking whether  accepts -g
configure:7731:  -c -g conftest.f >&5
./configure: line 7732: -c: command not found
configure:7737: $? = 127
configure: failed program was:
|       program main
| 
|       end
configure:7753: result: no
configure:7783: checking the maximum length of command line arguments
configure:7895: result: 98304
configure:7907: checking command to parse /usr/bin/nm -B output from gcc object
configure:8012: gcc -c -g -O2  conftest.c >&5
configure:8015: $? = 0
configure:8019: /usr/bin/nm -B conftest.o \| sed -n -e 's/^.*[ 	]\([ABCDGIRSTW][ABCDGIRSTW]*\)[ 	][ 	]*\([_A-Za-z][_A-Za-z0-9]*\)$/\1 \2 \2/p' \> conftest.nm
configure:8022: $? = 0
configure:8074: gcc -o conftest -g -O2   conftest.c conftstm.o >&5
configure:8077: $? = 0
configure:8115: result: ok
configure:8119: checking for objdir
configure:8134: result: .libs
configure:8226: checking for ar
configure:8242: found /usr/bin/ar
configure:8253: result: ar
configure:8322: checking for ranlib
configure:8338: found /usr/bin/ranlib
configure:8349: result: ranlib
configure:8418: checking for strip
configure:8434: found /usr/bin/strip
configure:8445: result: strip
configure:8731: checking if gcc supports -fno-rtti -fno-exceptions
configure:8749: gcc -c -g -O2  -fno-rtti -fno-exceptions conftest.c >&5
cc1: warning: command line option "-fno-rtti" is valid for C++/ObjC++ but not for C
configure:8753: $? = 0
configure:8766: result: no
configure:8781: checking for gcc option to produce PIC
configure:9013: result: -fPIC
configure:9021: checking if gcc PIC flag -fPIC works
configure:9039: gcc -c -g -O2  -fPIC -DPIC conftest.c >&5
configure:9043: $? = 0
configure:9056: result: yes
configure:9084: checking if gcc static flag -static works
configure:9112: result: yes
configure:9122: checking if gcc supports -c -o file.o
configure:9143: gcc -c -g -O2  -o out/conftest2.o conftest.c >&5
configure:9147: $? = 0
configure:9169: result: yes
configure:9195: checking whether the gcc linker (/usr/bin/ld) supports shared libraries
configure:10176: result: yes
configure:10197: checking whether -lc should be explicitly linked in
configure:10202: gcc -c -g -O2  conftest.c >&5
configure:10205: $? = 0
configure:10220: gcc -shared conftest.o  -v -Wl,-soname -Wl,conftest -o conftest 2\>\&1 \| grep  -lc  \>/dev/null 2\>\&1
configure:10223: $? = 0
configure:10235: result: no
configure:10243: checking dynamic linker characteristics
configure:10857: result: GNU/Linux ld.so
configure:10866: checking how to hardcode library paths into programs
configure:10891: result: immediate
configure:10905: checking whether stripping libraries is possible
configure:10910: result: yes
configure:11712: checking if libtool supports shared libraries
configure:11714: result: yes
configure:11717: checking whether to build shared libraries
configure:11738: result: yes
configure:11741: checking whether to build static libraries
configure:11745: result: yes
configure:11838: creating libtool
configure:12426: checking for ld used by g++
configure:12493: result: /usr/bin/ld
configure:12502: checking if the linker (/usr/bin/ld) is GNU ld
configure:12517: result: yes
configure:12568: checking whether the g++ linker (/usr/bin/ld) supports shared libraries
configure:13542: result: yes
configure:13560: g++ -c -g -O2  conftest.cpp >&5
configure:13563: $? = 0
configure:13715: checking for g++ option to produce PIC
configure:13999: result: -fPIC
configure:14007: checking if g++ PIC flag -fPIC works
configure:14025: g++ -c -g -O2  -fPIC -DPIC conftest.cpp >&5
configure:14029: $? = 0
configure:14042: result: yes
configure:14070: checking if g++ static flag -static works
configure:14098: result: yes
configure:14108: checking if g++ supports -c -o file.o
configure:14129: g++ -c -g -O2  -o out/conftest2.o conftest.cpp >&5
configure:14133: $? = 0
configure:14155: result: yes
configure:14181: checking whether the g++ linker (/usr/bin/ld) supports shared libraries
configure:14209: result: yes
configure:14276: checking dynamic linker characteristics
configure:14838: result: GNU/Linux ld.so
configure:14847: checking how to hardcode library paths into programs
configure:14872: result: immediate
configure:21112: checking for ranlib
configure:21139: result: ranlib
configure:21216: checking for pkg-config
configure:21234: found /usr/bin/pkg-config
configure:21246: result: /usr/bin/pkg-config
configure:21275: checking pkg-config is at least version 0.9.0
configure:21278: result: yes
configure:21289: checking for PACKAGE
configure:21297: $PKG_CONFIG --exists --print-errors "$pkg_modules"
configure:21300: $? = 0
configure:21315: $PKG_CONFIG --exists --print-errors "$pkg_modules"
configure:21318: $? = 0
configure:21394: result: yes
configure:21426: checking locale.h usability
configure:21443: gcc -c -g -O2  conftest.c >&5
configure:21449: $? = 0
configure:21463: result: yes
configure:21467: checking locale.h presence
configure:21482: gcc -E  conftest.c
configure:21488: $? = 0
configure:21502: result: yes
configure:21530: checking for locale.h
configure:21538: result: yes
configure:21552: checking for LC_MESSAGES
configure:21578: gcc -o conftest -g -O2   conftest.c  >&5
configure:21584: $? = 0
configure:21601: result: yes
configure:21630: checking libintl.h usability
configure:21647: gcc -c -g -O2  conftest.c >&5
configure:21653: $? = 0
configure:21667: result: yes
configure:21671: checking libintl.h presence
configure:21686: gcc -E  conftest.c
configure:21692: $? = 0
configure:21706: result: yes
configure:21734: checking for libintl.h
configure:21741: result: yes
configure:21752: checking for ngettext in libc
configure:21780: gcc -o conftest -g -O2   conftest.c  >&5
configure:21786: $? = 0
configure:21804: result: yes
configure:21808: checking for dgettext in libc
configure:21836: gcc -o conftest -g -O2   conftest.c  >&5
configure:21842: $? = 0
configure:21860: result: yes
configure:21869: checking for bind_textdomain_codeset
configure:21925: gcc -o conftest -g -O2   conftest.c  >&5
configure:21931: $? = 0
configure:21949: result: yes
configure:22436: checking for msgfmt
configure:22463: result: /usr/bin/msgfmt
configure:22476: checking for dcgettext
configure:22532: gcc -o conftest -g -O2   conftest.c   >&5
conftest.c:49: warning: conflicting types for built-in function 'dcgettext'
configure:22538: $? = 0
configure:22556: result: yes
configure:22567: checking if msgfmt accepts -c
configure:22582: $MSGFMT -c -o /dev/null conftest.foo
configure:22585: $? = 0
configure:22587: result: yes
configure:22597: checking for gmsgfmt
configure:22628: result: /usr/bin/msgfmt
configure:22638: checking for xgettext
configure:22665: result: /usr/bin/xgettext
configure:22694: gcc -o conftest -g -O2   conftest.c   >&5
configure:22700: $? = 0
configure:23071: creating ./config.status

## ---------------------- ##
## Running config.status. ##
## ---------------------- ##

This file was extended by config.status, which was
generated by GNU Autoconf 2.61.  Invocation command line was

  CONFIG_FILES    = 
  CONFIG_HEADERS  = 
  CONFIG_LINKS    = 
  CONFIG_COMMANDS = 
  $ ./config.status 

on monnand-laptop

config.status:689: creating Makefile
config.status:689: creating src/Makefile
config.status:689: creating po/Makefile.in
config.status:689: creating config.h
config.status:923: config.h is unchanged
config.status:969: executing depfiles commands
config.status:969: executing default-1 commands

## ---------------- ##
## Cache variables. ##
## ---------------- ##

ac_cv_build=i686-pc-linux-gnu
ac_cv_c_compiler_gnu=yes
ac_cv_cxx_compiler_gnu=yes
ac_cv_env_CCC_set=
ac_cv_env_CCC_value=
ac_cv_env_CC_set=
ac_cv_env_CC_value=
ac_cv_env_CFLAGS_set=
ac_cv_env_CFLAGS_value=
ac_cv_env_CPPFLAGS_set=
ac_cv_env_CPPFLAGS_value=
ac_cv_env_CPP_set=
ac_cv_env_CPP_value=
ac_cv_env_CXXCPP_set=
ac_cv_env_CXXCPP_value=
ac_cv_env_CXXFLAGS_set=
ac_cv_env_CXXFLAGS_value=
ac_cv_env_CXX_set=
ac_cv_env_CXX_value=
ac_cv_env_F77_set=
ac_cv_env_F77_value=
ac_cv_env_FFLAGS_set=
ac_cv_env_FFLAGS_value=
ac_cv_env_LDFLAGS_set=
ac_cv_env_LDFLAGS_value=
ac_cv_env_LIBS_set=
ac_cv_env_LIBS_value=
ac_cv_env_PACKAGE_CFLAGS_set=
ac_cv_env_PACKAGE_CFLAGS_value=
ac_cv_env_PACKAGE_LIBS_set=
ac_cv_env_PACKAGE_LIBS_value=
ac_cv_env_PKG_CONFIG_set=
ac_cv_env_PKG_CONFIG_value=
ac_cv_env_build_alias_set=
ac_cv_env_build_alias_value=
ac_cv_env_host_alias_set=
ac_cv_env_host_alias_value=
ac_cv_env_target_alias_set=
ac_cv_env_target_alias_value=
ac_cv_f77_compiler_gnu=no
ac_cv_func_bind_textdomain_codeset=yes
ac_cv_func_dcgettext=yes
ac_cv_header_dlfcn_h=yes
ac_cv_header_inttypes_h=yes
ac_cv_header_libintl_h=yes
ac_cv_header_locale_h=yes
ac_cv_header_memory_h=yes
ac_cv_header_stdc=yes
ac_cv_header_stdint_h=yes
ac_cv_header_stdlib_h=yes
ac_cv_header_string_h=yes
ac_cv_header_strings_h=yes
ac_cv_header_sys_stat_h=yes
ac_cv_header_sys_types_h=yes
ac_cv_header_unistd_h=yes
ac_cv_host=i686-pc-linux-gnu
ac_cv_objext=o
ac_cv_path_EGREP='/bin/grep -E'
ac_cv_path_GMSGFMT=/usr/bin/msgfmt
ac_cv_path_GREP=/bin/grep
ac_cv_path_MSGFMT=/usr/bin/msgfmt
ac_cv_path_XGETTEXT=/usr/bin/xgettext
ac_cv_path_ac_pt_PKG_CONFIG=/usr/bin/pkg-config
ac_cv_path_install='/usr/bin/install -c'
ac_cv_path_mkdir=/bin/mkdir
ac_cv_prog_AWK=mawk
ac_cv_prog_CPP='gcc -E'
ac_cv_prog_CXXCPP='g++ -E'
ac_cv_prog_ac_ct_AR=ar
ac_cv_prog_ac_ct_CC=gcc
ac_cv_prog_ac_ct_CXX=g++
ac_cv_prog_ac_ct_RANLIB=ranlib
ac_cv_prog_ac_ct_STRIP=strip
ac_cv_prog_cc_c89=
ac_cv_prog_cc_g=yes
ac_cv_prog_cxx_g=yes
ac_cv_prog_f77_g=no
ac_cv_prog_make_make_set=yes
ac_cv_search_strerror='none required'
am_cv_CC_dependencies_compiler_type=gcc3
am_cv_CXX_dependencies_compiler_type=gcc3
am_cv_prog_cc_stdc=
am_cv_val_LC_MESSAGES=yes
gt_cv_func_dgettext_libc=yes
gt_cv_func_dgettext_libintl=no
gt_cv_func_ngettext_libc=yes
gt_cv_have_gettext=yes
lt_cv_deplibs_check_method=pass_all
lt_cv_file_magic_cmd='$MAGIC_CMD'
lt_cv_file_magic_test_file=
lt_cv_ld_reload_flag=-r
lt_cv_objdir=.libs
lt_cv_path_LD=/usr/bin/ld
lt_cv_path_LDCXX=/usr/bin/ld
lt_cv_path_NM='/usr/bin/nm -B'
lt_cv_path_SED=/bin/sed
lt_cv_prog_compiler_c_o=yes
lt_cv_prog_compiler_c_o_CXX=yes
lt_cv_prog_compiler_rtti_exceptions=no
lt_cv_prog_gnu_ld=yes
lt_cv_prog_gnu_ldcxx=yes
lt_cv_sys_global_symbol_pipe='sed -n -e '\''s/^.*[ 	]\([ABCDGIRSTW][ABCDGIRSTW]*\)[ 	][ 	]*\([_A-Za-z][_A-Za-z0-9]*\)$/\1 \2 \2/p'\'''
lt_cv_sys_global_symbol_to_c_name_address='sed -n -e '\''s/^: \([^ ]*\) $/  {\"\1\", (lt_ptr) 0},/p'\'' -e '\''s/^[BCDEGRST] \([^ ]*\) \([^ ]*\)$/  {"\2", (lt_ptr) \&\2},/p'\'''
lt_cv_sys_global_symbol_to_cdecl='sed -n -e '\''s/^. .* \(.*\)$/extern int \1;/p'\'''
lt_cv_sys_max_cmd_len=98304
lt_lt_cv_prog_compiler_c_o='"yes"'
lt_lt_cv_prog_compiler_c_o_CXX='"yes"'
lt_lt_cv_sys_global_symbol_pipe='"sed -n -e '\''s/^.*[ 	]\\([ABCDGIRSTW][ABCDGIRSTW]*\\)[ 	][ 	]*\\([_A-Za-z][_A-Za-z0-9]*\\)\$/\\1 \\2 \\2/p'\''"'
lt_lt_cv_sys_global_symbol_to_c_name_address='"sed -n -e '\''s/^: \\([^ ]*\\) \$/  {\\\"\\1\\\", (lt_ptr) 0},/p'\'' -e '\''s/^[BCDEGRST] \\([^ ]*\\) \\([^ ]*\\)\$/  {\"\\2\", (lt_ptr) \\&\\2},/p'\''"'
lt_lt_cv_sys_global_symbol_to_cdecl='"sed -n -e '\''s/^. .* \\(.*\\)\$/extern int \\1;/p'\''"'
pkg_cv_PACKAGE_CFLAGS='-I/usr/include/gtk-2.0 -I/usr/lib/gtk-2.0/include -I/usr/include/atk-1.0 -I/usr/include/cairo -I/usr/include/pango-1.0 -I/usr/include/glib-2.0 -I/usr/lib/glib-2.0/include -I/usr/include/freetype2 -I/usr/include/libpng12  '
pkg_cv_PACKAGE_LIBS='-lgtk-x11-2.0 -lgdk-x11-2.0 -latk-1.0 -lgdk_pixbuf-2.0 -lm -lpangocairo-1.0 -lfontconfig -lXext -lXrender -lXinerama -lXi -lXrandr -lXcursor -lXcomposite -lXdamage -lpango-1.0 -lcairo -lX11 -lXfixes -lgobject-2.0 -lgmodule-2.0 -ldl -lglib-2.0  '

## ----------------- ##
## Output variables. ##
## ----------------- ##

ACLOCAL='${SHELL} /home/monnand/data/project/tagal/missing --run aclocal-1.10'
AMDEPBACKSLASH='\'
AMDEP_FALSE='#'
AMDEP_TRUE=''
AMTAR='${SHELL} /home/monnand/data/project/tagal/missing --run tar'
AR='ar'
AUTOCONF='${SHELL} /home/monnand/data/project/tagal/missing --run autoconf'
AUTOHEADER='${SHELL} /home/monnand/data/project/tagal/missing --run autoheader'
AUTOMAKE='${SHELL} /home/monnand/data/project/tagal/missing --run automake-1.10'
AWK='mawk'
CATALOGS=''
CATOBJEXT='.gmo'
CC='gcc'
CCDEPMODE='depmode=gcc3'
CFLAGS='-g -O2'
CPP='gcc -E'
CPPFLAGS=''
CXX='g++'
CXXCPP='g++ -E'
CXXDEPMODE='depmode=gcc3'
CXXFLAGS='-g -O2'
CYGPATH_W='echo'
DATADIRNAME='share'
DEFS='-DHAVE_CONFIG_H'
DEPDIR='.deps'
ECHO='echo'
ECHO_C=''
ECHO_N='-n'
ECHO_T=''
EGREP='/bin/grep -E'
EXEEXT=''
F77=''
FFLAGS=''
GETTEXT_PACKAGE='tagal-add-tags'
GMOFILES=''
GMSGFMT='/usr/bin/msgfmt'
GREP='/bin/grep'
INSTALL_DATA='${INSTALL} -m 644'
INSTALL_PROGRAM='${INSTALL}'
INSTALL_SCRIPT='${INSTALL}'
INSTALL_STRIP_PROGRAM='$(install_sh) -c -s'
INSTOBJEXT='.mo'
INTLLIBS=''
LDFLAGS=''
LIBOBJS=''
LIBS=''
LIBTOOL='$(SHELL) $(top_builddir)/libtool'
LN_S='ln -s'
LTLIBOBJS=''
MAINT='#'
MAINTAINER_MODE_FALSE=''
MAINTAINER_MODE_TRUE='#'
MAKEINFO='${SHELL} /home/monnand/data/project/tagal/missing --run makeinfo'
MKINSTALLDIRS='./../mkinstalldirs'
MSGFMT='/usr/bin/msgfmt'
MSGFMT_OPTS='-c'
OBJEXT='o'
PACKAGE='tagal-add-tags'
PACKAGE_BUGREPORT=''
PACKAGE_CFLAGS='-I/usr/include/gtk-2.0 -I/usr/lib/gtk-2.0/include -I/usr/include/atk-1.0 -I/usr/include/cairo -I/usr/include/pango-1.0 -I/usr/include/glib-2.0 -I/usr/lib/glib-2.0/include -I/usr/include/freetype2 -I/usr/include/libpng12  '
PACKAGE_LIBS='-lgtk-x11-2.0 -lgdk-x11-2.0 -latk-1.0 -lgdk_pixbuf-2.0 -lm -lpangocairo-1.0 -lfontconfig -lXext -lXrender -lXinerama -lXi -lXrandr -lXcursor -lXcomposite -lXdamage -lpango-1.0 -lcairo -lX11 -lXfixes -lgobject-2.0 -lgmodule-2.0 -ldl -lglib-2.0  '
PACKAGE_NAME=''
PACKAGE_STRING=''
PACKAGE_TARNAME=''
PACKAGE_VERSION=''
PATH_SEPARATOR=':'
PKG_CONFIG='/usr/bin/pkg-config'
POFILES=''
POSUB='po'
PO_IN_DATADIR_FALSE=''
PO_IN_DATADIR_TRUE=''
RANLIB='ranlib'
SED='/bin/sed'
SET_MAKE=''
SHELL='/bin/bash'
STRIP='strip'
USE_NLS='yes'
VERSION='0.1'
XGETTEXT='/usr/bin/xgettext'
ac_ct_CC='gcc'
ac_ct_CXX='g++'
ac_ct_F77=''
am__fastdepCC_FALSE='#'
am__fastdepCC_TRUE=''
am__fastdepCXX_FALSE='#'
am__fastdepCXX_TRUE=''
am__include='include'
am__isrc=''
am__leading_dot='.'
am__quote=''
am__tar='${AMTAR} chof - "$$tardir"'
am__untar='${AMTAR} xf -'
bindir='${exec_prefix}/bin'
build='i686-pc-linux-gnu'
build_alias=''
build_cpu='i686'
build_os='linux-gnu'
build_vendor='pc'
datadir='${datarootdir}'
datarootdir='${prefix}/share'
docdir='${datarootdir}/doc/${PACKAGE}'
dvidir='${docdir}'
exec_prefix='${prefix}'
host='i686-pc-linux-gnu'
host_alias=''
host_cpu='i686'
host_os='linux-gnu'
host_vendor='pc'
htmldir='${docdir}'
includedir='${prefix}/include'
infodir='${datarootdir}/info'
install_sh='$(SHELL) /home/monnand/data/project/tagal/install-sh'
libdir='${exec_prefix}/lib'
libexecdir='${exec_prefix}/libexec'
localedir='${datarootdir}/locale'
localstatedir='${prefix}/var'
mandir='${datarootdir}/man'
mkdir_p='/bin/mkdir -p'
oldincludedir='/usr/include'
pdfdir='${docdir}'
prefix='/usr/local'
program_transform_name='s,x,x,'
psdir='${docdir}'
sbindir='${exec_prefix}/sbin'
sharedstatedir='${prefix}/com'
sysconfdir='${prefix}/etc'
target_alias=''

## ----------- ##
## confdefs.h. ##
## ----------- ##

#define PACKAGE_NAME ""
#define PACKAGE_TARNAME ""
#define PACKAGE_VERSION ""
#define PACKAGE_STRING ""
#define PACKAGE_BUGREPORT ""
#define PACKAGE "tagal-add-tags"
#define VERSION "0.1"
#define STDC_HEADERS 1
#define HAVE_SYS_TYPES_H 1
#define HAVE_SYS_STAT_H 1
#define HAVE_STDLIB_H 1
#define HAVE_STRING_H 1
#define HAVE_MEMORY_H 1
#define HAVE_STRINGS_H 1
#define HAVE_INTTYPES_H 1
#define HAVE_STDINT_H 1
#define HAVE_UNISTD_H 1
#define HAVE_DLFCN_H 1
#define GETTEXT_PACKAGE "tagal-add-tags"
#define HAVE_LOCALE_H 1
#define HAVE_LC_MESSAGES 1
#define HAVE_BIND_TEXTDOMAIN_CODESET 1
#define HAVE_GETTEXT 1
#define HAVE_DCGETTEXT 1
#define ENABLE_NLS 1

configure: exit 0
