This file contains any messages produced by compilers while
running configure, to aid debugging if configure makes a mistake.

It was created by tagal configure 0.2.2, which was
generated by GNU Autoconf 2.61.  Invocation command line was

  $ ./configure 

## --------- ##
## Platform. ##
## --------- ##

hostname = monnand-laptop
uname -m = i686
uname -r = 2.6.24-16-generic
uname -s = Linux
uname -v = #1 SMP Thu Apr 10 13:23:42 UTC 2008

/usr/bin/uname -p = unknown
/bin/uname -X     = unknown

/bin/arch              = unknown
/usr/bin/arch -k       = unknown
/usr/convex/getsysinfo = unknown
/usr/bin/hostinfo      = unknown
/bin/machine           = unknown
/usr/bin/oslevel       = unknown
/bin/universe          = unknown

PATH: /usr/local/sbin
PATH: /usr/local/bin
PATH: /usr/sbin
PATH: /usr/bin
PATH: /sbin
PATH: /bin
PATH: /usr/games
PATH: /home/monnand/soft/adroid_sdk/android_sdk_linux_m3-rc20a/tools


## ----------- ##
## Core tests. ##
## ----------- ##

configure:1780: checking for a BSD-compatible install
configure:1836: result: /usr/bin/install -c
configure:1847: checking whether build environment is sane
configure:1890: result: yes
configure:1918: checking for a thread-safe mkdir -p
configure:1957: result: /bin/mkdir -p
configure:1970: checking for gawk
configure:2000: result: no
configure:1970: checking for mawk
configure:1986: found /usr/bin/mawk
configure:1997: result: mawk
configure:2008: checking whether make sets $(MAKE)
configure:2029: result: yes
configure:2267: checking for gcc
configure:2283: found /usr/bin/gcc
configure:2294: result: gcc
configure:2532: checking for C compiler version
configure:2539: gcc --version >&5
gcc (GCC) 4.2.3 (Ubuntu 4.2.3-2ubuntu7)
Copyright (C) 2007 Free Software Foundation, Inc.
This is free software; see the source for copying conditions.  There is NO
warranty; not even for MERCHANTABILITY or FITNESS FOR A PARTICULAR PURPOSE.

configure:2542: $? = 0
configure:2549: gcc -v >&5
Using built-in specs.
Target: i486-linux-gnu
Configured with: ../src/configure -v --enable-languages=c,c++,fortran,objc,obj-c++,treelang --prefix=/usr --enable-shared --with-system-zlib --libexecdir=/usr/lib --without-included-gettext --enable-threads=posix --enable-nls --with-gxx-include-dir=/usr/include/c++/4.2 --program-suffix=-4.2 --enable-clocale=gnu --enable-libstdcxx-debug --enable-objc-gc --enable-mpfr --enable-targets=all --enable-checking=release --build=i486-linux-gnu --host=i486-linux-gnu --target=i486-linux-gnu
Thread model: posix
gcc version 4.2.3 (Ubuntu 4.2.3-2ubuntu7)
configure:2552: $? = 0
configure:2559: gcc -V >&5
gcc: '-V' option must have argument
configure:2562: $? = 1
configure:2585: checking for C compiler default output file name
configure:2612: gcc    conftest.c  >&5
configure:2615: $? = 0
configure:2653: result: a.out
configure:2670: checking whether the C compiler works
configure:2680: ./a.out
configure:2683: $? = 0
configure:2700: result: yes
configure:2707: checking whether we are cross compiling
configure:2709: result: no
configure:2712: checking for suffix of executables
configure:2719: gcc -o conftest    conftest.c  >&5
configure:2722: $? = 0
configure:2746: result: 
configure:2752: checking for suffix of object files
configure:2778: gcc -c   conftest.c >&5
configure:2781: $? = 0
configure:2804: result: o
configure:2808: checking whether we are using the GNU C compiler
configure:2837: gcc -c   conftest.c >&5
configure:2843: $? = 0
configure:2860: result: yes
configure:2865: checking whether gcc accepts -g
configure:2895: gcc -c -g  conftest.c >&5
configure:2901: $? = 0
configure:3000: result: yes
configure:3017: checking for gcc option to accept ISO C89
configure:3091: gcc  -c -g -O2  conftest.c >&5
configure:3097: $? = 0
configure:3120: result: none needed
configure:3149: checking for style of include used by make
configure:3177: result: GNU
configure:3202: checking dependency style of gcc
configure:3293: result: gcc3
configure:3352: checking for ranlib
configure:3368: found /usr/bin/ranlib
configure:3379: result: ranlib
configure:3415: checking how to run the C preprocessor
configure:3455: gcc -E  conftest.c
configure:3461: $? = 0
configure:3492: gcc -E  conftest.c
conftest.c:10:28: error: ac_nonexistent.h: No such file or directory
configure:3498: $? = 1
configure: failed program was:
| /* confdefs.h.  */
| #define PACKAGE_NAME "tagal"
| #define PACKAGE_TARNAME "tagal"
| #define PACKAGE_VERSION "0.2.2"
| #define PACKAGE_STRING "tagal 0.2.2"
| #define PACKAGE_BUGREPORT "monnand@gmail.com"
| #define PACKAGE "tagal"
| #define VERSION "0.2a"
| /* end confdefs.h.  */
| #include <ac_nonexistent.h>
configure:3531: result: gcc -E
configure:3560: gcc -E  conftest.c
configure:3566: $? = 0
configure:3597: gcc -E  conftest.c
conftest.c:10:28: error: ac_nonexistent.h: No such file or directory
configure:3603: $? = 1
configure: failed program was:
| /* confdefs.h.  */
| #define PACKAGE_NAME "tagal"
| #define PACKAGE_TARNAME "tagal"
| #define PACKAGE_VERSION "0.2.2"
| #define PACKAGE_STRING "tagal 0.2.2"
| #define PACKAGE_BUGREPORT "monnand@gmail.com"
| #define PACKAGE "tagal"
| #define VERSION "0.2a"
| /* end confdefs.h.  */
| #include <ac_nonexistent.h>
configure:3641: checking for grep that handles long lines and -e
configure:3715: result: /bin/grep
configure:3720: checking for egrep
configure:3798: result: /bin/grep -E
configure:3803: checking for ANSI C header files
configure:3833: gcc -c -g -O2  conftest.c >&5
configure:3839: $? = 0
configure:3938: gcc -o conftest -g -O2   conftest.c  >&5
configure:3941: $? = 0
configure:3947: ./conftest
configure:3950: $? = 0
configure:3967: result: yes
configure:3991: checking for sys/types.h
configure:4012: gcc -c -g -O2  conftest.c >&5
configure:4018: $? = 0
configure:4034: result: yes
configure:3991: checking for sys/stat.h
configure:4012: gcc -c -g -O2  conftest.c >&5
configure:4018: $? = 0
configure:4034: result: yes
configure:3991: checking for stdlib.h
configure:4012: gcc -c -g -O2  conftest.c >&5
configure:4018: $? = 0
configure:4034: result: yes
configure:3991: checking for string.h
configure:4012: gcc -c -g -O2  conftest.c >&5
configure:4018: $? = 0
configure:4034: result: yes
configure:3991: checking for memory.h
configure:4012: gcc -c -g -O2  conftest.c >&5
configure:4018: $? = 0
configure:4034: result: yes
configure:3991: checking for strings.h
configure:4012: gcc -c -g -O2  conftest.c >&5
configure:4018: $? = 0
configure:4034: result: yes
configure:3991: checking for inttypes.h
configure:4012: gcc -c -g -O2  conftest.c >&5
configure:4018: $? = 0
configure:4034: result: yes
configure:3991: checking for stdint.h
configure:4012: gcc -c -g -O2  conftest.c >&5
configure:4018: $? = 0
configure:4034: result: yes
configure:3991: checking for unistd.h
configure:4012: gcc -c -g -O2  conftest.c >&5
configure:4018: $? = 0
configure:4034: result: yes
configure:4053: checking for stdlib.h
configure:4059: result: yes
configure:4053: checking for string.h
configure:4059: result: yes
configure:4063: checking assert.h usability
configure:4080: gcc -c -g -O2  conftest.c >&5
configure:4086: $? = 0
configure:4100: result: yes
configure:4104: checking assert.h presence
configure:4119: gcc -E  conftest.c
configure:4125: $? = 0
configure:4139: result: yes
configure:4172: checking for assert.h
configure:4180: result: yes
configure:4195: checking for an ANSI C-conforming const
configure:4270: gcc -c -g -O2  conftest.c >&5
configure:4276: $? = 0
configure:4291: result: yes
configure:4301: checking for inline
configure:4327: gcc -c -g -O2  conftest.c >&5
configure:4333: $? = 0
configure:4351: result: inline
configure:4370: checking for size_t
configure:4400: gcc -c -g -O2  conftest.c >&5
configure:4406: $? = 0
configure:4421: result: yes
configure:4440: checking for stdlib.h
configure:4446: result: yes
configure:4580: checking for GNU libc compatible malloc
configure:4614: gcc -o conftest -g -O2   conftest.c  >&5
configure:4617: $? = 0
configure:4623: ./conftest
configure:4626: $? = 0
configure:4642: result: yes
configure:4675: checking for stdlib.h
configure:4681: result: yes
configure:4815: checking for GNU libc compatible realloc
configure:4849: gcc -o conftest -g -O2   conftest.c  >&5
configure:4852: $? = 0
configure:4858: ./conftest
configure:4861: $? = 0
configure:4877: result: yes
configure:4909: checking for vprintf
configure:4965: gcc -o conftest -g -O2   conftest.c  >&5
conftest.c:50: warning: conflicting types for built-in function 'vprintf'
configure:4971: $? = 0
configure:4989: result: yes
configure:4996: checking for _doprnt
configure:5052: gcc -o conftest -g -O2   conftest.c  >&5
/tmp/ccwXLYkq.o: In function `main':
/home/monnand/data/project/tagal/conftest.c:62: undefined reference to `_doprnt'
collect2: ld returned 1 exit status
configure:5058: $? = 1
configure: failed program was:
| /* confdefs.h.  */
| #define PACKAGE_NAME "tagal"
| #define PACKAGE_TARNAME "tagal"
| #define PACKAGE_VERSION "0.2.2"
| #define PACKAGE_STRING "tagal 0.2.2"
| #define PACKAGE_BUGREPORT "monnand@gmail.com"
| #define PACKAGE "tagal"
| #define VERSION "0.2a"
| #define STDC_HEADERS 1
| #define HAVE_SYS_TYPES_H 1
| #define HAVE_SYS_STAT_H 1
| #define HAVE_STDLIB_H 1
| #define HAVE_STRING_H 1
| #define HAVE_MEMORY_H 1
| #define HAVE_STRINGS_H 1
| #define HAVE_INTTYPES_H 1
| #define HAVE_STDINT_H 1
| #define HAVE_UNISTD_H 1
| #define HAVE_STDLIB_H 1
| #define HAVE_STRING_H 1
| #define HAVE_ASSERT_H 1
| #define HAVE_STDLIB_H 1
| #define HAVE_MALLOC 1
| #define HAVE_STDLIB_H 1
| #define HAVE_REALLOC 1
| #define HAVE_VPRINTF 1
| /* end confdefs.h.  */
| /* Define _doprnt to an innocuous variant, in case <limits.h> declares _doprnt.
|    For example, HP-UX 11i <limits.h> declares gettimeofday.  */
| #define _doprnt innocuous__doprnt
| 
| /* System header to define __stub macros and hopefully few prototypes,
|     which can conflict with char _doprnt (); below.
|     Prefer <limits.h> to <assert.h> if __STDC__ is defined, since
|     <limits.h> exists even on freestanding compilers.  */
| 
| #ifdef __STDC__
| # include <limits.h>
| #else
| # include <assert.h>
| #endif
| 
| #undef _doprnt
| 
| /* Override any GCC internal prototype to avoid an error.
|    Use char because int might match the return type of a GCC
|    builtin and then its argument prototype would still apply.  */
| #ifdef __cplusplus
| extern "C"
| #endif
| char _doprnt ();
| /* The GNU C library defines this for functions which it implements
|     to always fail with ENOSYS.  Some functions are actually named
|     something starting with __ and the normal name is an alias.  */
| #if defined __stub__doprnt || defined __stub____doprnt
| choke me
| #endif
| 
| int
| main ()
| {
| return _doprnt ();
|   ;
|   return 0;
| }
configure:5075: result: no
configure:5099: checking for memmove
configure:5155: gcc -o conftest -g -O2   conftest.c  >&5
conftest.c:51: warning: conflicting types for built-in function 'memmove'
configure:5161: $? = 0
configure:5179: result: yes
configure:5099: checking for memset
configure:5155: gcc -o conftest -g -O2   conftest.c  >&5
conftest.c:52: warning: conflicting types for built-in function 'memset'
configure:5161: $? = 0
configure:5179: result: yes
configure:5099: checking for strchr
configure:5155: gcc -o conftest -g -O2   conftest.c  >&5
conftest.c:53: warning: conflicting types for built-in function 'strchr'
configure:5161: $? = 0
configure:5179: result: yes
configure:5099: checking for strdup
configure:5155: gcc -o conftest -g -O2   conftest.c  >&5
conftest.c:54: warning: conflicting types for built-in function 'strdup'
configure:5161: $? = 0
configure:5179: result: yes
configure:5099: checking for strerror
configure:5155: gcc -o conftest -g -O2   conftest.c  >&5
configure:5161: $? = 0
configure:5179: result: yes
configure:5099: checking for strrchr
configure:5155: gcc -o conftest -g -O2   conftest.c  >&5
conftest.c:56: warning: conflicting types for built-in function 'strrchr'
configure:5161: $? = 0
configure:5179: result: yes
configure:5099: checking for strstr
configure:5155: gcc -o conftest -g -O2   conftest.c  >&5
conftest.c:57: warning: conflicting types for built-in function 'strstr'
configure:5161: $? = 0
configure:5179: result: yes
configure:5313: creating ./config.status

## ---------------------- ##
## Running config.status. ##
## ---------------------- ##

This file was extended by tagal config.status 0.2.2, which was
generated by GNU Autoconf 2.61.  Invocation command line was

  CONFIG_FILES    = 
  CONFIG_HEADERS  = 
  CONFIG_LINKS    = 
  CONFIG_COMMANDS = 
  $ ./config.status 

on monnand-laptop

config.status:638: creating Makefile
config.status:638: creating libtagal/Makefile
config.status:638: creating include/config.h
config.status:879: include/config.h is unchanged
config.status:926: executing depfiles commands
configure:6588: === configuring in sqlite (/home/monnand/data/project/tagal/sqlite)
configure:6691: running /bin/bash ./configure '--prefix=/usr/local'  --cache-file=/dev/null --srcdir=.
configure:6588: === configuring in gtk-tagal (/home/monnand/data/project/tagal/gtk-tagal)
configure:6691: running /bin/bash ./configure '--prefix=/usr/local'  --cache-file=/dev/null --srcdir=.
configure:6588: === configuring in for-nautilus-actions (/home/monnand/data/project/tagal/for-nautilus-actions)
configure:6691: running /bin/bash ./configure '--prefix=/usr/local'  --cache-file=/dev/null --srcdir=.

## ---------------- ##
## Cache variables. ##
## ---------------- ##

ac_cv_c_compiler_gnu=yes
ac_cv_c_const=yes
ac_cv_c_inline=inline
ac_cv_env_CC_set=
ac_cv_env_CC_value=
ac_cv_env_CFLAGS_set=
ac_cv_env_CFLAGS_value=
ac_cv_env_CPPFLAGS_set=
ac_cv_env_CPPFLAGS_value=
ac_cv_env_CPP_set=
ac_cv_env_CPP_value=
ac_cv_env_LDFLAGS_set=
ac_cv_env_LDFLAGS_value=
ac_cv_env_LIBS_set=
ac_cv_env_LIBS_value=
ac_cv_env_build_alias_set=
ac_cv_env_build_alias_value=
ac_cv_env_host_alias_set=
ac_cv_env_host_alias_value=
ac_cv_env_target_alias_set=
ac_cv_env_target_alias_value=
ac_cv_func__doprnt=no
ac_cv_func_malloc_0_nonnull=yes
ac_cv_func_memmove=yes
ac_cv_func_memset=yes
ac_cv_func_realloc_0_nonnull=yes
ac_cv_func_strchr=yes
ac_cv_func_strdup=yes
ac_cv_func_strerror=yes
ac_cv_func_strrchr=yes
ac_cv_func_strstr=yes
ac_cv_func_vprintf=yes
ac_cv_header_assert_h=yes
ac_cv_header_inttypes_h=yes
ac_cv_header_memory_h=yes
ac_cv_header_stdc=yes
ac_cv_header_stdint_h=yes
ac_cv_header_stdlib_h=yes
ac_cv_header_string_h=yes
ac_cv_header_strings_h=yes
ac_cv_header_sys_stat_h=yes
ac_cv_header_sys_types_h=yes
ac_cv_header_unistd_h=yes
ac_cv_objext=o
ac_cv_path_EGREP='/bin/grep -E'
ac_cv_path_GREP=/bin/grep
ac_cv_path_install='/usr/bin/install -c'
ac_cv_path_mkdir=/bin/mkdir
ac_cv_prog_AWK=mawk
ac_cv_prog_CPP='gcc -E'
ac_cv_prog_ac_ct_CC=gcc
ac_cv_prog_ac_ct_RANLIB=ranlib
ac_cv_prog_cc_c89=
ac_cv_prog_cc_g=yes
ac_cv_prog_make_make_set=yes
ac_cv_type_size_t=yes
am_cv_CC_dependencies_compiler_type=gcc3

## ----------------- ##
## Output variables. ##
## ----------------- ##

ACLOCAL='${SHELL} /home/monnand/data/project/tagal/missing --run aclocal-1.10'
AMDEPBACKSLASH='\'
AMDEP_FALSE='#'
AMDEP_TRUE=''
AMTAR='${SHELL} /home/monnand/data/project/tagal/missing --run tar'
AUTOCONF='${SHELL} /home/monnand/data/project/tagal/missing --run autoconf'
AUTOHEADER='${SHELL} /home/monnand/data/project/tagal/missing --run autoheader'
AUTOMAKE='${SHELL} /home/monnand/data/project/tagal/missing --run automake-1.10'
AWK='mawk'
CC='gcc'
CCDEPMODE='depmode=gcc3'
CFLAGS='-g -O2'
CPP='gcc -E'
CPPFLAGS=''
CYGPATH_W='echo'
DEFS='-DHAVE_CONFIG_H'
DEPDIR='.deps'
ECHO_C=''
ECHO_N='-n'
ECHO_T=''
EGREP='/bin/grep -E'
EXEEXT=''
GREP='/bin/grep'
INSTALL_DATA='${INSTALL} -m 644'
INSTALL_PROGRAM='${INSTALL}'
INSTALL_SCRIPT='${INSTALL}'
INSTALL_STRIP_PROGRAM='$(install_sh) -c -s'
LDFLAGS=''
LIBOBJS=''
LIBS=''
LTLIBOBJS=''
MAKEINFO='${SHELL} /home/monnand/data/project/tagal/missing --run makeinfo'
OBJEXT='o'
PACKAGE='tagal'
PACKAGE_BUGREPORT='monnand@gmail.com'
PACKAGE_NAME='tagal'
PACKAGE_STRING='tagal 0.2.2'
PACKAGE_TARNAME='tagal'
PACKAGE_VERSION='0.2.2'
PATH_SEPARATOR=':'
RANLIB='ranlib'
SET_MAKE=''
SHELL='/bin/bash'
STRIP=''
VERSION='0.2a'
ac_ct_CC='gcc'
am__fastdepCC_FALSE='#'
am__fastdepCC_TRUE=''
am__include='include'
am__isrc=''
am__leading_dot='.'
am__quote=''
am__tar='${AMTAR} chof - "$$tardir"'
am__untar='${AMTAR} xf -'
bindir='${exec_prefix}/bin'
build_alias=''
datadir='${datarootdir}'
datarootdir='${prefix}/share'
docdir='${datarootdir}/doc/${PACKAGE_TARNAME}'
dvidir='${docdir}'
exec_prefix='${prefix}'
host_alias=''
htmldir='${docdir}'
includedir='${prefix}/include'
infodir='${datarootdir}/info'
install_sh='$(SHELL) /home/monnand/data/project/tagal/install-sh'
libdir='${exec_prefix}/lib'
libexecdir='${exec_prefix}/libexec'
localedir='${datarootdir}/locale'
localstatedir='${prefix}/var'
mandir='${datarootdir}/man'
mkdir_p='/bin/mkdir -p'
oldincludedir='/usr/include'
pdfdir='${docdir}'
prefix='/usr/local'
program_transform_name='s,x,x,'
psdir='${docdir}'
sbindir='${exec_prefix}/sbin'
sharedstatedir='${prefix}/com'
subdirs=' sqlite gtk-tagal for-nautilus-actions'
sysconfdir='${prefix}/etc'
target_alias=''

## ----------- ##
## confdefs.h. ##
## ----------- ##

#define PACKAGE_NAME "tagal"
#define PACKAGE_TARNAME "tagal"
#define PACKAGE_VERSION "0.2.2"
#define PACKAGE_STRING "tagal 0.2.2"
#define PACKAGE_BUGREPORT "monnand@gmail.com"
#define PACKAGE "tagal"
#define VERSION "0.2a"
#define STDC_HEADERS 1
#define HAVE_SYS_TYPES_H 1
#define HAVE_SYS_STAT_H 1
#define HAVE_STDLIB_H 1
#define HAVE_STRING_H 1
#define HAVE_MEMORY_H 1
#define HAVE_STRINGS_H 1
#define HAVE_INTTYPES_H 1
#define HAVE_STDINT_H 1
#define HAVE_UNISTD_H 1
#define HAVE_STDLIB_H 1
#define HAVE_STRING_H 1
#define HAVE_ASSERT_H 1
#define HAVE_STDLIB_H 1
#define HAVE_MALLOC 1
#define HAVE_STDLIB_H 1
#define HAVE_REALLOC 1
#define HAVE_VPRINTF 1
#define HAVE_MEMMOVE 1
#define HAVE_MEMSET 1
#define HAVE_STRCHR 1
#define HAVE_STRDUP 1
#define HAVE_STRERROR 1
#define HAVE_STRRCHR 1
#define HAVE_STRSTR 1

configure: exit 0
