This file contains any messages produced by compilers while
running configure, to aid debugging if configure makes a mistake.

It was created by configure, which was
generated by GNU Autoconf 2.61.  Invocation command line was

  $ ./configure --enable-maintainer-mode

## --------- ##
## Platform. ##
## --------- ##

hostname = monnand-laptop
uname -m = i686
uname -r = 2.6.24-19-generic
uname -s = Linux
uname -v = #1 SMP Wed Jun 18 14:43:41 UTC 2008

/usr/bin/uname -p = unknown
/bin/uname -X     = unknown

/bin/arch              = unknown
/usr/bin/arch -k       = unknown
/usr/convex/getsysinfo = unknown
/usr/bin/hostinfo      = unknown
/bin/machine           = unknown
/usr/bin/oslevel       = unknown
/bin/universe          = unknown

PATH: /usr/local/sbin
PATH: /usr/local/bin
PATH: /usr/sbin
PATH: /usr/bin
PATH: /sbin
PATH: /bin
PATH: /usr/games
PATH: /home/monnand/soft/adroid_sdk/android_sdk_linux_m3-rc20a/tools


## ----------- ##
## Core tests. ##
## ----------- ##

configure:2001: checking for a BSD-compatible install
configure:2057: result: /usr/bin/install -c
configure:2068: checking whether build environment is sane
configure:2111: result: yes
configure:2139: checking for a thread-safe mkdir -p
configure:2178: result: /bin/mkdir -p
configure:2191: checking for gawk
configure:2207: found /usr/bin/gawk
configure:2218: result: gawk
configure:2229: checking whether make sets $(MAKE)
configure:2250: result: yes
configure:2440: checking whether to enable maintainer-specific portions of Makefiles
configure:2449: result: yes
configure:2475: checking for style of include used by make
configure:2503: result: GNU
configure:2573: checking for gcc
configure:2589: found /usr/bin/gcc
configure:2600: result: gcc
configure:2838: checking for C compiler version
configure:2845: gcc --version >&5
gcc (GCC) 4.2.3 (Ubuntu 4.2.3-2ubuntu7)
Copyright (C) 2007 Free Software Foundation, Inc.
This is free software; see the source for copying conditions.  There is NO
warranty; not even for MERCHANTABILITY or FITNESS FOR A PARTICULAR PURPOSE.

configure:2848: $? = 0
configure:2855: gcc -v >&5
Using built-in specs.
Target: i486-linux-gnu
Configured with: ../src/configure -v --enable-languages=c,c++,fortran,objc,obj-c++,treelang --prefix=/usr --enable-shared --with-system-zlib --libexecdir=/usr/lib --without-included-gettext --enable-threads=posix --enable-nls --with-gxx-include-dir=/usr/include/c++/4.2 --program-suffix=-4.2 --enable-clocale=gnu --enable-libstdcxx-debug --enable-objc-gc --enable-mpfr --enable-targets=all --enable-checking=release --build=i486-linux-gnu --host=i486-linux-gnu --target=i486-linux-gnu
Thread model: posix
gcc version 4.2.3 (Ubuntu 4.2.3-2ubuntu7)
configure:2858: $? = 0
configure:2865: gcc -V >&5
gcc: '-V' option must have argument
configure:2868: $? = 1
configure:2891: checking for C compiler default output file name
configure:2918: gcc    conftest.c  >&5
configure:2921: $? = 0
configure:2959: result: a.out
configure:2976: checking whether the C compiler works
configure:2986: ./a.out
configure:2989: $? = 0
configure:3006: result: yes
configure:3013: checking whether we are cross compiling
configure:3015: result: no
configure:3018: checking for suffix of executables
configure:3025: gcc -o conftest    conftest.c  >&5
configure:3028: $? = 0
configure:3052: result: 
configure:3058: checking for suffix of object files
configure:3084: gcc -c   conftest.c >&5
configure:3087: $? = 0
configure:3110: result: o
configure:3114: checking whether we are using the GNU C compiler
configure:3143: gcc -c   conftest.c >&5
configure:3149: $? = 0
configure:3166: result: yes
configure:3171: checking whether gcc accepts -g
configure:3201: gcc -c -g  conftest.c >&5
configure:3207: $? = 0
configure:3306: result: yes
configure:3323: checking for gcc option to accept ISO C89
configure:3397: gcc  -c -g -O2  conftest.c >&5
configure:3403: $? = 0
configure:3426: result: none needed
configure:3446: checking dependency style of gcc
configure:3537: result: gcc3
configure:3553: checking for library containing strerror
configure:3594: gcc -o conftest -g -O2   conftest.c  >&5
configure:3600: $? = 0
configure:3628: result: none required
configure:3684: checking for gcc
configure:3711: result: gcc
configure:3949: checking for C compiler version
configure:3956: gcc --version >&5
gcc (GCC) 4.2.3 (Ubuntu 4.2.3-2ubuntu7)
Copyright (C) 2007 Free Software Foundation, Inc.
This is free software; see the source for copying conditions.  There is NO
warranty; not even for MERCHANTABILITY or FITNESS FOR A PARTICULAR PURPOSE.

configure:3959: $? = 0
configure:3966: gcc -v >&5
Using built-in specs.
Target: i486-linux-gnu
Configured with: ../src/configure -v --enable-languages=c,c++,fortran,objc,obj-c++,treelang --prefix=/usr --enable-shared --with-system-zlib --libexecdir=/usr/lib --without-included-gettext --enable-threads=posix --enable-nls --with-gxx-include-dir=/usr/include/c++/4.2 --program-suffix=-4.2 --enable-clocale=gnu --enable-libstdcxx-debug --enable-objc-gc --enable-mpfr --enable-targets=all --enable-checking=release --build=i486-linux-gnu --host=i486-linux-gnu --target=i486-linux-gnu
Thread model: posix
gcc version 4.2.3 (Ubuntu 4.2.3-2ubuntu7)
configure:3969: $? = 0
configure:3976: gcc -V >&5
gcc: '-V' option must have argument
configure:3979: $? = 1
configure:3982: checking whether we are using the GNU C compiler
configure:4034: result: yes
configure:4039: checking whether gcc accepts -g
configure:4174: result: yes
configure:4191: checking for gcc option to accept ISO C89
configure:4294: result: none needed
configure:4314: checking dependency style of gcc
configure:4405: result: gcc3
configure:4468: checking for gcc
configure:4495: result: gcc
configure:4733: checking for C compiler version
configure:4740: gcc --version >&5
gcc (GCC) 4.2.3 (Ubuntu 4.2.3-2ubuntu7)
Copyright (C) 2007 Free Software Foundation, Inc.
This is free software; see the source for copying conditions.  There is NO
warranty; not even for MERCHANTABILITY or FITNESS FOR A PARTICULAR PURPOSE.

configure:4743: $? = 0
configure:4750: gcc -v >&5
Using built-in specs.
Target: i486-linux-gnu
Configured with: ../src/configure -v --enable-languages=c,c++,fortran,objc,obj-c++,treelang --prefix=/usr --enable-shared --with-system-zlib --libexecdir=/usr/lib --without-included-gettext --enable-threads=posix --enable-nls --with-gxx-include-dir=/usr/include/c++/4.2 --program-suffix=-4.2 --enable-clocale=gnu --enable-libstdcxx-debug --enable-objc-gc --enable-mpfr --enable-targets=all --enable-checking=release --build=i486-linux-gnu --host=i486-linux-gnu --target=i486-linux-gnu
Thread model: posix
gcc version 4.2.3 (Ubuntu 4.2.3-2ubuntu7)
configure:4753: $? = 0
configure:4760: gcc -V >&5
gcc: '-V' option must have argument
configure:4763: $? = 1
configure:4766: checking whether we are using the GNU C compiler
configure:4818: result: yes
configure:4823: checking whether gcc accepts -g
configure:4958: result: yes
configure:4975: checking for gcc option to accept ISO C89
configure:5078: result: none needed
configure:5098: checking dependency style of gcc
configure:5189: result: gcc3
configure:5285: checking build system type
configure:5303: result: i686-pc-linux-gnu
configure:5325: checking host system type
configure:5340: result: i686-pc-linux-gnu
configure:5362: checking for a sed that does not truncate output
configure:5418: result: /bin/sed
configure:5421: checking for grep that handles long lines and -e
configure:5495: result: /bin/grep
configure:5500: checking for egrep
configure:5578: result: /bin/grep -E
configure:5594: checking for ld used by gcc
configure:5661: result: /usr/bin/ld
configure:5670: checking if the linker (/usr/bin/ld) is GNU ld
configure:5685: result: yes
configure:5690: checking for /usr/bin/ld option to reload object files
configure:5697: result: -r
configure:5715: checking for BSD-compatible nm
configure:5764: result: /usr/bin/nm -B
configure:5768: checking whether ln -s works
configure:5772: result: yes
configure:5779: checking how to recognize dependent libraries
configure:5965: result: pass_all
configure:6209: checking how to run the C preprocessor
configure:6249: gcc -E  conftest.c
configure:6255: $? = 0
configure:6286: gcc -E  conftest.c
conftest.c:10:28: error: ac_nonexistent.h: No such file or directory
configure:6292: $? = 1
configure: failed program was:
| /* confdefs.h.  */
| #define PACKAGE_NAME ""
| #define PACKAGE_TARNAME ""
| #define PACKAGE_VERSION ""
| #define PACKAGE_STRING ""
| #define PACKAGE_BUGREPORT ""
| #define PACKAGE "gtk-tagal"
| #define VERSION "0.1"
| /* end confdefs.h.  */
| #include <ac_nonexistent.h>
configure:6325: result: gcc -E
configure:6354: gcc -E  conftest.c
configure:6360: $? = 0
configure:6391: gcc -E  conftest.c
conftest.c:10:28: error: ac_nonexistent.h: No such file or directory
configure:6397: $? = 1
configure: failed program was:
| /* confdefs.h.  */
| #define PACKAGE_NAME ""
| #define PACKAGE_TARNAME ""
| #define PACKAGE_VERSION ""
| #define PACKAGE_STRING ""
| #define PACKAGE_BUGREPORT ""
| #define PACKAGE "gtk-tagal"
| #define VERSION "0.1"
| /* end confdefs.h.  */
| #include <ac_nonexistent.h>
configure:6435: checking for ANSI C header files
configure:6465: gcc -c -g -O2  conftest.c >&5
configure:6471: $? = 0
configure:6570: gcc -o conftest -g -O2   conftest.c  >&5
configure:6573: $? = 0
configure:6579: ./conftest
configure:6582: $? = 0
configure:6599: result: yes
configure:6623: checking for sys/types.h
configure:6644: gcc -c -g -O2  conftest.c >&5
configure:6650: $? = 0
configure:6666: result: yes
configure:6623: checking for sys/stat.h
configure:6644: gcc -c -g -O2  conftest.c >&5
configure:6650: $? = 0
configure:6666: result: yes
configure:6623: checking for stdlib.h
configure:6644: gcc -c -g -O2  conftest.c >&5
configure:6650: $? = 0
configure:6666: result: yes
configure:6623: checking for string.h
configure:6644: gcc -c -g -O2  conftest.c >&5
configure:6650: $? = 0
configure:6666: result: yes
configure:6623: checking for memory.h
configure:6644: gcc -c -g -O2  conftest.c >&5
configure:6650: $? = 0
configure:6666: result: yes
configure:6623: checking for strings.h
configure:6644: gcc -c -g -O2  conftest.c >&5
configure:6650: $? = 0
configure:6666: result: yes
configure:6623: checking for inttypes.h
configure:6644: gcc -c -g -O2  conftest.c >&5
configure:6650: $? = 0
configure:6666: result: yes
configure:6623: checking for stdint.h
configure:6644: gcc -c -g -O2  conftest.c >&5
configure:6650: $? = 0
configure:6666: result: yes
configure:6623: checking for unistd.h
configure:6644: gcc -c -g -O2  conftest.c >&5
configure:6650: $? = 0
configure:6666: result: yes
configure:6693: checking dlfcn.h usability
configure:6710: gcc -c -g -O2  conftest.c >&5
configure:6716: $? = 0
configure:6730: result: yes
configure:6734: checking dlfcn.h presence
configure:6749: gcc -E  conftest.c
configure:6755: $? = 0
configure:6769: result: yes
configure:6797: checking for dlfcn.h
configure:6805: result: yes
configure:6876: checking for g++
configure:6892: found /usr/bin/g++
configure:6903: result: g++
configure:6934: checking for C++ compiler version
configure:6941: g++ --version >&5
g++ (GCC) 4.2.3 (Ubuntu 4.2.3-2ubuntu7)
Copyright (C) 2007 Free Software Foundation, Inc.
This is free software; see the source for copying conditions.  There is NO
warranty; not even for MERCHANTABILITY or FITNESS FOR A PARTICULAR PURPOSE.

configure:6944: $? = 0
configure:6951: g++ -v >&5
Using built-in specs.
Target: i486-linux-gnu
Configured with: ../src/configure -v --enable-languages=c,c++,fortran,objc,obj-c++,treelang --prefix=/usr --enable-shared --with-system-zlib --libexecdir=/usr/lib --without-included-gettext --enable-threads=posix --enable-nls --with-gxx-include-dir=/usr/include/c++/4.2 --program-suffix=-4.2 --enable-clocale=gnu --enable-libstdcxx-debug --enable-objc-gc --enable-mpfr --enable-targets=all --enable-checking=release --build=i486-linux-gnu --host=i486-linux-gnu --target=i486-linux-gnu
Thread model: posix
gcc version 4.2.3 (Ubuntu 4.2.3-2ubuntu7)
configure:6954: $? = 0
configure:6961: g++ -V >&5
g++: '-V' option must have argument
configure:6964: $? = 1
configure:6967: checking whether we are using the GNU C++ compiler
configure:6996: g++ -c   conftest.cpp >&5
configure:7002: $? = 0
configure:7019: result: yes
configure:7024: checking whether g++ accepts -g
configure:7054: g++ -c -g  conftest.cpp >&5
configure:7060: $? = 0
configure:7159: result: yes
configure:7184: checking dependency style of g++
configure:7275: result: gcc3
configure:7300: checking how to run the C++ preprocessor
configure:7336: g++ -E  conftest.cpp
configure:7342: $? = 0
configure:7373: g++ -E  conftest.cpp
conftest.cpp:21:28: error: ac_nonexistent.h: No such file or directory
configure:7379: $? = 1
configure: failed program was:
| /* confdefs.h.  */
| #define PACKAGE_NAME ""
| #define PACKAGE_TARNAME ""
| #define PACKAGE_VERSION ""
| #define PACKAGE_STRING ""
| #define PACKAGE_BUGREPORT ""
| #define PACKAGE "gtk-tagal"
| #define VERSION "0.1"
| #define STDC_HEADERS 1
| #define HAVE_SYS_TYPES_H 1
| #define HAVE_SYS_STAT_H 1
| #define HAVE_STDLIB_H 1
| #define HAVE_STRING_H 1
| #define HAVE_MEMORY_H 1
| #define HAVE_STRINGS_H 1
| #define HAVE_INTTYPES_H 1
| #define HAVE_STDINT_H 1
| #define HAVE_UNISTD_H 1
| #define HAVE_DLFCN_H 1
| /* end confdefs.h.  */
| #include <ac_nonexistent.h>
configure:7412: result: g++ -E
configure:7441: g++ -E  conftest.cpp
configure:7447: $? = 0
configure:7478: g++ -E  conftest.cpp
conftest.cpp:21:28: error: ac_nonexistent.h: No such file or directory
configure:7484: $? = 1
configure: failed program was:
| /* confdefs.h.  */
| #define PACKAGE_NAME ""
| #define PACKAGE_TARNAME ""
| #define PACKAGE_VERSION ""
| #define PACKAGE_STRING ""
| #define PACKAGE_BUGREPORT ""
| #define PACKAGE "gtk-tagal"
| #define VERSION "0.1"
| #define STDC_HEADERS 1
| #define HAVE_SYS_TYPES_H 1
| #define HAVE_SYS_STAT_H 1
| #define HAVE_STDLIB_H 1
| #define HAVE_STRING_H 1
| #define HAVE_MEMORY_H 1
| #define HAVE_STRINGS_H 1
| #define HAVE_INTTYPES_H 1
| #define HAVE_STDINT_H 1
| #define HAVE_UNISTD_H 1
| #define HAVE_DLFCN_H 1
| /* end confdefs.h.  */
| #include <ac_nonexistent.h>
configure:7577: checking for g77
configure:7607: result: no
configure:7577: checking for xlf
configure:7607: result: no
configure:7577: checking for f77
configure:7607: result: no
configure:7577: checking for frt
configure:7607: result: no
configure:7577: checking for pgf77
configure:7607: result: no
configure:7577: checking for cf77
configure:7607: result: no
configure:7577: checking for fort77
configure:7607: result: no
configure:7577: checking for fl32
configure:7607: result: no
configure:7577: checking for af77
configure:7607: result: no
configure:7577: checking for xlf90
configure:7607: result: no
configure:7577: checking for f90
configure:7607: result: no
configure:7577: checking for pgf90
configure:7607: result: no
configure:7577: checking for pghpf
configure:7607: result: no
configure:7577: checking for epcf90
configure:7607: result: no
configure:7577: checking for gfortran
configure:7607: result: no
configure:7577: checking for g95
configure:7607: result: no
configure:7577: checking for xlf95
configure:7607: result: no
configure:7577: checking for f95
configure:7607: result: no
configure:7577: checking for fort
configure:7607: result: no
configure:7577: checking for ifort
configure:7607: result: no
configure:7577: checking for ifc
configure:7607: result: no
configure:7577: checking for efc
configure:7607: result: no
configure:7577: checking for pgf95
configure:7607: result: no
configure:7577: checking for lf95
configure:7607: result: no
configure:7577: checking for ftn
configure:7607: result: no
configure:7634: checking for Fortran 77 compiler version
configure:7641:  --version >&5
./configure: line 7642: --version: command not found
configure:7644: $? = 127
configure:7651:  -v >&5
./configure: line 7652: -v: command not found
configure:7654: $? = 127
configure:7661:  -V >&5
./configure: line 7662: -V: command not found
configure:7664: $? = 127
configure:7672: checking whether we are using the GNU Fortran 77 compiler
configure:7691:  -c  conftest.F >&5
./configure: line 7692: -c: command not found
configure:7697: $? = 127
configure: failed program was:
|       program main
| #ifndef __GNUC__
|        choke me
| #endif
| 
|       end
configure:7714: result: no
configure:7720: checking whether  accepts -g
configure:7737:  -c -g conftest.f >&5
./configure: line 7738: -c: command not found
configure:7743: $? = 127
configure: failed program was:
|       program main
| 
|       end
configure:7759: result: no
configure:7788: checking the maximum length of command line arguments
configure:7900: result: 98304
configure:7912: checking command to parse /usr/bin/nm -B output from gcc object
configure:8017: gcc -c -g -O2  conftest.c >&5
configure:8020: $? = 0
configure:8024: /usr/bin/nm -B conftest.o \| sed -n -e 's/^.*[ 	]\([ABCDGIRSTW][ABCDGIRSTW]*\)[ 	][ 	]*\([_A-Za-z][_A-Za-z0-9]*\)$/\1 \2 \2/p' \> conftest.nm
configure:8027: $? = 0
configure:8079: gcc -o conftest -g -O2   conftest.c conftstm.o >&5
configure:8082: $? = 0
configure:8120: result: ok
configure:8124: checking for objdir
configure:8139: result: .libs
configure:8231: checking for ar
configure:8247: found /usr/bin/ar
configure:8258: result: ar
configure:8327: checking for ranlib
configure:8343: found /usr/bin/ranlib
configure:8354: result: ranlib
configure:8423: checking for strip
configure:8439: found /usr/bin/strip
configure:8450: result: strip
configure:9048: checking if gcc supports -fno-rtti -fno-exceptions
configure:9066: gcc -c -g -O2  -fno-rtti -fno-exceptions conftest.c >&5
cc1: warning: command line option "-fno-rtti" is valid for C++/ObjC++ but not for C
configure:9070: $? = 0
configure:9083: result: no
configure:9098: checking for gcc option to produce PIC
configure:9330: result: -fPIC
configure:9338: checking if gcc PIC flag -fPIC works
configure:9356: gcc -c -g -O2  -fPIC -DPIC conftest.c >&5
configure:9360: $? = 0
configure:9373: result: yes
configure:9401: checking if gcc static flag -static works
configure:9429: result: yes
configure:9439: checking if gcc supports -c -o file.o
configure:9460: gcc -c -g -O2  -o out/conftest2.o conftest.c >&5
configure:9464: $? = 0
configure:9486: result: yes
configure:9512: checking whether the gcc linker (/usr/bin/ld) supports shared libraries
configure:10493: result: yes
configure:10514: checking whether -lc should be explicitly linked in
configure:10519: gcc -c -g -O2  conftest.c >&5
configure:10522: $? = 0
configure:10537: gcc -shared conftest.o  -v -Wl,-soname -Wl,conftest -o conftest 2\>\&1 \| grep  -lc  \>/dev/null 2\>\&1
configure:10540: $? = 0
configure:10552: result: no
configure:10560: checking dynamic linker characteristics
configure:11174: result: GNU/Linux ld.so
configure:11198: checking how to hardcode library paths into programs
configure:11223: result: immediate
configure:11237: checking whether stripping libraries is possible
configure:11242: result: yes
configure:12044: checking if libtool supports shared libraries
configure:12046: result: yes
configure:12049: checking whether to build shared libraries
configure:12070: result: yes
configure:12073: checking whether to build static libraries
configure:12077: result: yes
configure:12171: creating libtool
configure:12764: checking for ld used by g++
configure:12831: result: /usr/bin/ld
configure:12840: checking if the linker (/usr/bin/ld) is GNU ld
configure:12855: result: yes
configure:12906: checking whether the g++ linker (/usr/bin/ld) supports shared libraries
configure:13852: result: yes
configure:13869: g++ -c -g -O2  conftest.cpp >&5
configure:13872: $? = 0
configure:14028: checking for g++ option to produce PIC
configure:14312: result: -fPIC
configure:14320: checking if g++ PIC flag -fPIC works
configure:14338: g++ -c -g -O2  -fPIC -DPIC conftest.cpp >&5
configure:14342: $? = 0
configure:14355: result: yes
configure:14383: checking if g++ static flag -static works
configure:14411: result: yes
configure:14421: checking if g++ supports -c -o file.o
configure:14442: g++ -c -g -O2  -o out/conftest2.o conftest.cpp >&5
configure:14446: $? = 0
configure:14468: result: yes
configure:14494: checking whether the g++ linker (/usr/bin/ld) supports shared libraries
configure:14523: result: yes
configure:14590: checking dynamic linker characteristics
configure:15152: result: GNU/Linux ld.so
configure:15176: checking how to hardcode library paths into programs
configure:15201: result: immediate
configure:21491: checking for ranlib
configure:21518: result: ranlib
configure:21544: checking for ANSI C header files
configure:21708: result: yes
configure:21769: checking for pkg-config
configure:21787: found /usr/bin/pkg-config
configure:21799: result: /usr/bin/pkg-config
configure:21828: checking pkg-config is at least version 0.9.0
configure:21831: result: yes
configure:21842: checking for PACKAGE
configure:21850: $PKG_CONFIG --exists --print-errors "$pkg_modules"
configure:21853: $? = 0
configure:21868: $PKG_CONFIG --exists --print-errors "$pkg_modules"
configure:21871: $? = 0
configure:21947: result: yes
configure:21979: checking locale.h usability
configure:21996: gcc -c -g -O2  conftest.c >&5
configure:22002: $? = 0
configure:22016: result: yes
configure:22020: checking locale.h presence
configure:22035: gcc -E  conftest.c
configure:22041: $? = 0
configure:22055: result: yes
configure:22083: checking for locale.h
configure:22091: result: yes
configure:22105: checking for LC_MESSAGES
configure:22131: gcc -o conftest -g -O2   conftest.c  >&5
configure:22137: $? = 0
configure:22154: result: yes
configure:22183: checking libintl.h usability
configure:22200: gcc -c -g -O2  conftest.c >&5
configure:22206: $? = 0
configure:22220: result: yes
configure:22224: checking libintl.h presence
configure:22239: gcc -E  conftest.c
configure:22245: $? = 0
configure:22259: result: yes
configure:22287: checking for libintl.h
configure:22294: result: yes
configure:22305: checking for ngettext in libc
configure:22333: gcc -o conftest -g -O2   conftest.c  >&5
configure:22339: $? = 0
configure:22357: result: yes
configure:22361: checking for dgettext in libc
configure:22389: gcc -o conftest -g -O2   conftest.c  >&5
configure:22395: $? = 0
configure:22413: result: yes
configure:22422: checking for bind_textdomain_codeset
configure:22478: gcc -o conftest -g -O2   conftest.c  >&5
configure:22484: $? = 0
configure:22502: result: yes
configure:22989: checking for msgfmt
configure:23016: result: /usr/bin/msgfmt
configure:23029: checking for dcgettext
configure:23085: gcc -o conftest -g -O2   conftest.c   >&5
conftest.c:50: warning: conflicting types for built-in function 'dcgettext'
configure:23091: $? = 0
configure:23109: result: yes
configure:23120: checking if msgfmt accepts -c
configure:23135: $MSGFMT -c -o /dev/null conftest.foo
configure:23138: $? = 0
configure:23140: result: yes
configure:23150: checking for gmsgfmt
configure:23181: result: /usr/bin/msgfmt
configure:23191: checking for xgettext
configure:23218: result: /usr/bin/xgettext
configure:23247: gcc -o conftest -g -O2   conftest.c   >&5
configure:23253: $? = 0
configure:23624: creating ./config.status

## ---------------------- ##
## Running config.status. ##
## ---------------------- ##

This file was extended by config.status, which was
generated by GNU Autoconf 2.61.  Invocation command line was

  CONFIG_FILES    = 
  CONFIG_HEADERS  = 
  CONFIG_LINKS    = 
  CONFIG_COMMANDS = 
  $ ./config.status 

on monnand-laptop

config.status:691: creating Makefile
config.status:691: creating src/Makefile
config.status:691: creating po/Makefile.in
config.status:691: creating config.h
config.status:926: config.h is unchanged
config.status:973: executing depfiles commands
config.status:973: executing default-1 commands

## ---------------- ##
## Cache variables. ##
## ---------------- ##

ac_cv_build=i686-pc-linux-gnu
ac_cv_c_compiler_gnu=yes
ac_cv_cxx_compiler_gnu=yes
ac_cv_env_CCC_set=
ac_cv_env_CCC_value=
ac_cv_env_CC_set=
ac_cv_env_CC_value=
ac_cv_env_CFLAGS_set=
ac_cv_env_CFLAGS_value=
ac_cv_env_CPPFLAGS_set=
ac_cv_env_CPPFLAGS_value=
ac_cv_env_CPP_set=
ac_cv_env_CPP_value=
ac_cv_env_CXXCPP_set=
ac_cv_env_CXXCPP_value=
ac_cv_env_CXXFLAGS_set=
ac_cv_env_CXXFLAGS_value=
ac_cv_env_CXX_set=
ac_cv_env_CXX_value=
ac_cv_env_F77_set=
ac_cv_env_F77_value=
ac_cv_env_FFLAGS_set=
ac_cv_env_FFLAGS_value=
ac_cv_env_LDFLAGS_set=
ac_cv_env_LDFLAGS_value=
ac_cv_env_LIBS_set=
ac_cv_env_LIBS_value=
ac_cv_env_PACKAGE_CFLAGS_set=
ac_cv_env_PACKAGE_CFLAGS_value=
ac_cv_env_PACKAGE_LIBS_set=
ac_cv_env_PACKAGE_LIBS_value=
ac_cv_env_PKG_CONFIG_set=
ac_cv_env_PKG_CONFIG_value=
ac_cv_env_build_alias_set=
ac_cv_env_build_alias_value=
ac_cv_env_host_alias_set=
ac_cv_env_host_alias_value=
ac_cv_env_target_alias_set=
ac_cv_env_target_alias_value=
ac_cv_f77_compiler_gnu=no
ac_cv_func_bind_textdomain_codeset=yes
ac_cv_func_dcgettext=yes
ac_cv_header_dlfcn_h=yes
ac_cv_header_inttypes_h=yes
ac_cv_header_libintl_h=yes
ac_cv_header_locale_h=yes
ac_cv_header_memory_h=yes
ac_cv_header_stdc=yes
ac_cv_header_stdint_h=yes
ac_cv_header_stdlib_h=yes
ac_cv_header_string_h=yes
ac_cv_header_strings_h=yes
ac_cv_header_sys_stat_h=yes
ac_cv_header_sys_types_h=yes
ac_cv_header_unistd_h=yes
ac_cv_host=i686-pc-linux-gnu
ac_cv_objext=o
ac_cv_path_EGREP='/bin/grep -E'
ac_cv_path_GMSGFMT=/usr/bin/msgfmt
ac_cv_path_GREP=/bin/grep
ac_cv_path_MSGFMT=/usr/bin/msgfmt
ac_cv_path_XGETTEXT=/usr/bin/xgettext
ac_cv_path_ac_pt_PKG_CONFIG=/usr/bin/pkg-config
ac_cv_path_install='/usr/bin/install -c'
ac_cv_path_mkdir=/bin/mkdir
ac_cv_prog_AWK=gawk
ac_cv_prog_CPP='gcc -E'
ac_cv_prog_CXXCPP='g++ -E'
ac_cv_prog_ac_ct_AR=ar
ac_cv_prog_ac_ct_CC=gcc
ac_cv_prog_ac_ct_CXX=g++
ac_cv_prog_ac_ct_RANLIB=ranlib
ac_cv_prog_ac_ct_STRIP=strip
ac_cv_prog_cc_c89=
ac_cv_prog_cc_g=yes
ac_cv_prog_cxx_g=yes
ac_cv_prog_f77_g=no
ac_cv_prog_make_make_set=yes
ac_cv_search_strerror='none required'
am_cv_CC_dependencies_compiler_type=gcc3
am_cv_CXX_dependencies_compiler_type=gcc3
am_cv_prog_cc_stdc=
am_cv_val_LC_MESSAGES=yes
gt_cv_func_dgettext_libc=yes
gt_cv_func_dgettext_libintl=no
gt_cv_func_ngettext_libc=yes
gt_cv_have_gettext=yes
lt_cv_deplibs_check_method=pass_all
lt_cv_file_magic_cmd='$MAGIC_CMD'
lt_cv_file_magic_test_file=
lt_cv_ld_reload_flag=-r
lt_cv_objdir=.libs
lt_cv_path_LD=/usr/bin/ld
lt_cv_path_LDCXX=/usr/bin/ld
lt_cv_path_NM='/usr/bin/nm -B'
lt_cv_path_SED=/bin/sed
lt_cv_prog_compiler_c_o=yes
lt_cv_prog_compiler_c_o_CXX=yes
lt_cv_prog_compiler_pic_works=yes
lt_cv_prog_compiler_pic_works_CXX=yes
lt_cv_prog_compiler_rtti_exceptions=no
lt_cv_prog_compiler_static_works=yes
lt_cv_prog_compiler_static_works_CXX=yes
lt_cv_prog_gnu_ld=yes
lt_cv_prog_gnu_ldcxx=yes
lt_cv_sys_global_symbol_pipe='sed -n -e '\''s/^.*[ 	]\([ABCDGIRSTW][ABCDGIRSTW]*\)[ 	][ 	]*\([_A-Za-z][_A-Za-z0-9]*\)$/\1 \2 \2/p'\'''
lt_cv_sys_global_symbol_to_c_name_address='sed -n -e '\''s/^: \([^ ]*\) $/  {\"\1\", (lt_ptr) 0},/p'\'' -e '\''s/^[BCDEGRST] \([^ ]*\) \([^ ]*\)$/  {"\2", (lt_ptr) \&\2},/p'\'''
lt_cv_sys_global_symbol_to_cdecl='sed -n -e '\''s/^. .* \(.*\)$/extern int \1;/p'\'''
lt_cv_sys_lib_dlsearch_path_spec='/lib /usr/lib /lib/i486-linux-gnu /usr/lib/i486-linux-gnu /usr/local/lib '
lt_cv_sys_lib_search_path_spec='/usr/lib/gcc/i486-linux-gnu/4.2.3 /usr/lib /lib'
lt_cv_sys_max_cmd_len=98304
lt_lt_cv_prog_compiler_c_o='"yes"'
lt_lt_cv_prog_compiler_c_o_CXX='"yes"'
lt_lt_cv_sys_global_symbol_pipe='"sed -n -e '\''s/^.*[ 	]\\([ABCDGIRSTW][ABCDGIRSTW]*\\)[ 	][ 	]*\\([_A-Za-z][_A-Za-z0-9]*\\)\$/\\1 \\2 \\2/p'\''"'
lt_lt_cv_sys_global_symbol_to_c_name_address='"sed -n -e '\''s/^: \\([^ ]*\\) \$/  {\\\"\\1\\\", (lt_ptr) 0},/p'\'' -e '\''s/^[BCDEGRST] \\([^ ]*\\) \\([^ ]*\\)\$/  {\"\\2\", (lt_ptr) \\&\\2},/p'\''"'
lt_lt_cv_sys_global_symbol_to_cdecl='"sed -n -e '\''s/^. .* \\(.*\\)\$/extern int \\1;/p'\''"'
pkg_cv_PACKAGE_CFLAGS='-I/usr/include/gtk-2.0 -I/usr/lib/gtk-2.0/include -I/usr/include/atk-1.0 -I/usr/include/cairo -I/usr/include/pango-1.0 -I/usr/include/glib-2.0 -I/usr/lib/glib-2.0/include -I/usr/include/freetype2 -I/usr/include/libpng12 -I/usr/include/pixman-1  '
pkg_cv_PACKAGE_LIBS='-lgtk-x11-2.0 -lgdk-x11-2.0 -latk-1.0 -lgdk_pixbuf-2.0 -lm -lpangocairo-1.0 -lpango-1.0 -lcairo -lgobject-2.0 -lgmodule-2.0 -ldl -lglib-2.0  '

## ----------------- ##
## Output variables. ##
## ----------------- ##

ACLOCAL='${SHELL} /home/monnand/data/project/tagal/gtk-tagal/missing --run aclocal-1.10'
AMDEPBACKSLASH='\'
AMDEP_FALSE='#'
AMDEP_TRUE=''
AMTAR='${SHELL} /home/monnand/data/project/tagal/gtk-tagal/missing --run tar'
AR='ar'
AUTOCONF='${SHELL} /home/monnand/data/project/tagal/gtk-tagal/missing --run autoconf'
AUTOHEADER='${SHELL} /home/monnand/data/project/tagal/gtk-tagal/missing --run autoheader'
AUTOMAKE='${SHELL} /home/monnand/data/project/tagal/gtk-tagal/missing --run automake-1.10'
AWK='gawk'
CATALOGS=''
CATOBJEXT='.gmo'
CC='gcc'
CCDEPMODE='depmode=gcc3'
CFLAGS='-g -O2'
CPP='gcc -E'
CPPFLAGS=''
CXX='g++'
CXXCPP='g++ -E'
CXXDEPMODE='depmode=gcc3'
CXXFLAGS='-g -O2'
CYGPATH_W='echo'
DATADIRNAME='share'
DEFS='-DHAVE_CONFIG_H'
DEPDIR='.deps'
DSYMUTIL=''
ECHO='echo'
ECHO_C=''
ECHO_N='-n'
ECHO_T=''
EGREP='/bin/grep -E'
EXEEXT=''
F77=''
FFLAGS=''
GETTEXT_PACKAGE='gtk-tagal'
GMOFILES=''
GMSGFMT='/usr/bin/msgfmt'
GREP='/bin/grep'
INSTALL_DATA='${INSTALL} -m 644'
INSTALL_PROGRAM='${INSTALL}'
INSTALL_SCRIPT='${INSTALL}'
INSTALL_STRIP_PROGRAM='$(install_sh) -c -s'
INSTOBJEXT='.mo'
INTLLIBS=''
LDFLAGS=''
LIBOBJS=''
LIBS=''
LIBTOOL='$(SHELL) $(top_builddir)/libtool'
LN_S='ln -s'
LTLIBOBJS=''
MAINT=''
MAINTAINER_MODE_FALSE='#'
MAINTAINER_MODE_TRUE=''
MAKEINFO='${SHELL} /home/monnand/data/project/tagal/gtk-tagal/missing --run makeinfo'
MKINSTALLDIRS='./mkinstalldirs'
MSGFMT='/usr/bin/msgfmt'
MSGFMT_OPTS='-c'
NMEDIT=''
OBJEXT='o'
PACKAGE='gtk-tagal'
PACKAGE_BUGREPORT=''
PACKAGE_CFLAGS='-I/usr/include/gtk-2.0 -I/usr/lib/gtk-2.0/include -I/usr/include/atk-1.0 -I/usr/include/cairo -I/usr/include/pango-1.0 -I/usr/include/glib-2.0 -I/usr/lib/glib-2.0/include -I/usr/include/freetype2 -I/usr/include/libpng12 -I/usr/include/pixman-1  '
PACKAGE_LIBS='-lgtk-x11-2.0 -lgdk-x11-2.0 -latk-1.0 -lgdk_pixbuf-2.0 -lm -lpangocairo-1.0 -lpango-1.0 -lcairo -lgobject-2.0 -lgmodule-2.0 -ldl -lglib-2.0  '
PACKAGE_NAME=''
PACKAGE_STRING=''
PACKAGE_TARNAME=''
PACKAGE_VERSION=''
PATH_SEPARATOR=':'
PKG_CONFIG='/usr/bin/pkg-config'
POFILES=''
POSUB='po'
PO_IN_DATADIR_FALSE=''
PO_IN_DATADIR_TRUE=''
RANLIB='ranlib'
SED='/bin/sed'
SET_MAKE=''
SHELL='/bin/bash'
STRIP='strip'
USE_NLS='yes'
VERSION='0.1'
XGETTEXT='/usr/bin/xgettext'
ac_ct_CC='gcc'
ac_ct_CXX='g++'
ac_ct_F77=''
am__fastdepCC_FALSE='#'
am__fastdepCC_TRUE=''
am__fastdepCXX_FALSE='#'
am__fastdepCXX_TRUE=''
am__include='include'
am__isrc=''
am__leading_dot='.'
am__quote=''
am__tar='${AMTAR} chof - "$$tardir"'
am__untar='${AMTAR} xf -'
bindir='${exec_prefix}/bin'
build='i686-pc-linux-gnu'
build_alias=''
build_cpu='i686'
build_os='linux-gnu'
build_vendor='pc'
datadir='${datarootdir}'
datarootdir='${prefix}/share'
docdir='${datarootdir}/doc/${PACKAGE}'
dvidir='${docdir}'
exec_prefix='${prefix}'
host='i686-pc-linux-gnu'
host_alias=''
host_cpu='i686'
host_os='linux-gnu'
host_vendor='pc'
htmldir='${docdir}'
includedir='${prefix}/include'
infodir='${datarootdir}/info'
install_sh='$(SHELL) /home/monnand/data/project/tagal/gtk-tagal/install-sh'
libdir='${exec_prefix}/lib'
libexecdir='${exec_prefix}/libexec'
localedir='${datarootdir}/locale'
localstatedir='${prefix}/var'
mandir='${datarootdir}/man'
mkdir_p='/bin/mkdir -p'
oldincludedir='/usr/include'
pdfdir='${docdir}'
prefix='/usr/local'
program_transform_name='s,x,x,'
psdir='${docdir}'
sbindir='${exec_prefix}/sbin'
sharedstatedir='${prefix}/com'
sysconfdir='${prefix}/etc'
target_alias=''

## ----------- ##
## confdefs.h. ##
## ----------- ##

#define PACKAGE_NAME ""
#define PACKAGE_TARNAME ""
#define PACKAGE_VERSION ""
#define PACKAGE_STRING ""
#define PACKAGE_BUGREPORT ""
#define PACKAGE "gtk-tagal"
#define VERSION "0.1"
#define STDC_HEADERS 1
#define HAVE_SYS_TYPES_H 1
#define HAVE_SYS_STAT_H 1
#define HAVE_STDLIB_H 1
#define HAVE_STRING_H 1
#define HAVE_MEMORY_H 1
#define HAVE_STRINGS_H 1
#define HAVE_INTTYPES_H 1
#define HAVE_STDINT_H 1
#define HAVE_UNISTD_H 1
#define HAVE_DLFCN_H 1
#define STDC_HEADERS 1
#define GETTEXT_PACKAGE "gtk-tagal"
#define HAVE_LOCALE_H 1
#define HAVE_LC_MESSAGES 1
#define HAVE_BIND_TEXTDOMAIN_CODESET 1
#define HAVE_GETTEXT 1
#define HAVE_DCGETTEXT 1
#define ENABLE_NLS 1

configure: exit 0

## ---------------------- ##
## Running config.status. ##
## ---------------------- ##

This file was extended by config.status, which was
generated by GNU Autoconf 2.61.  Invocation command line was

  CONFIG_FILES    = 
  CONFIG_HEADERS  = 
  CONFIG_LINKS    = 
  CONFIG_COMMANDS = 
  $ ./config.status config.h

on monnand-laptop

config.status:691: creating config.h
config.status:926: config.h is unchanged
